2022-01-12 19:25:41.127 [restartedMain] INFO  net.sppan.base.Application - Starting Application on leedeMacBook-Pro.local with PID 43268 (/Users/lee/Documents/GraduationProject/project/SPPanAdmin/target/classes started by lee in /Users/lee/Documents/GraduationProject/project/SPPanAdmin)
2022-01-12 19:25:41.132 [restartedMain] DEBUG net.sppan.base.Application - Running with Spring Boot v2.1.5.RELEASE, Spring v5.1.7.RELEASE
2022-01-12 19:25:41.135 [restartedMain] INFO  net.sppan.base.Application - No active profile set, falling back to default profiles: default
2022-01-12 19:25:43.449 [restartedMain] INFO  com.alibaba.druid.pool.DruidDataSource - {dataSource-1} inited
2022-01-12 19:25:45.439 [restartedMain] DEBUG org.hibernate.SQL - select resource0_.deviceId as id1_1_, resource0_.create_time as create_t2_1_, resource0_.description as descript3_1_, resource0_.icon as icon4_1_, resource0_.is_hide as is_hide5_1_, resource0_.level as level6_1_, resource0_.name as name7_1_, resource0_.parent_id as parent_13_1_, resource0_.sort as sort8_1_, resource0_.source_key as source_k9_1_, resource0_.source_url as source_10_1_, resource0_.type as type11_1_, resource0_.update_time as update_12_1_ from tb_resource resource0_
2022-01-12 19:25:45.922 [restartedMain] INFO  org.apache.coyote.http11.Http11NioProtocol - Initializing ProtocolHandler ["http-nio-80"]
2022-01-12 19:25:45.931 [restartedMain] INFO  org.apache.catalina.core.StandardService - Starting service [Tomcat]
2022-01-12 19:25:45.931 [restartedMain] INFO  org.apache.catalina.core.StandardEngine - Starting Servlet engine: [Apache Tomcat/9.0.19]
2022-01-12 19:25:46.019 [restartedMain] INFO  org.apache.catalina.core.ContainerBase.[Tomcat].[localhost].[/] - Initializing Spring embedded WebApplicationContext
2022-01-12 19:25:46.446 [restartedMain] DEBUG net.sf.ehcache.config.ConfigurationFactory - Configuring ehcache from InputStream
2022-01-12 19:25:46.456 [restartedMain] DEBUG net.sf.ehcache.config.BeanHandler - Ignoring ehcache attribute xmlns:xsi
2022-01-12 19:25:46.457 [restartedMain] DEBUG net.sf.ehcache.config.BeanHandler - Ignoring ehcache attribute xsi:noNamespaceSchemaLocation
2022-01-12 19:25:46.458 [restartedMain] DEBUG net.sf.ehcache.config.DiskStoreConfiguration - Disk Store Path: /var/folders/nc/x7b4xvvx37579s0nkb8qblj00000gn/T/
2022-01-12 19:25:46.465 [restartedMain] DEBUG net.sf.ehcache.CacheManager - Creating new CacheManager with Configuration Object
2022-01-12 19:25:46.469 [restartedMain] DEBUG net.sf.ehcache.util.PropertyUtil - propertiesString is null.
2022-01-12 19:25:46.473 [restartedMain] DEBUG net.sf.ehcache.config.ConfigurationHelper - No CacheManagerEventListenerFactory class specified. Skipping...
2022-01-12 19:25:46.651 [restartedMain] DEBUG net.sf.ehcache.Cache - No BootstrapCacheLoaderFactory class specified. Skipping...
2022-01-12 19:25:46.653 [restartedMain] DEBUG net.sf.ehcache.Cache - CacheWriter factory not configured. Skipping...
2022-01-12 19:25:46.653 [restartedMain] DEBUG net.sf.ehcache.config.ConfigurationHelper - No CacheExceptionHandlerFactory class specified. Skipping...
2022-01-12 19:25:46.663 [restartedMain] DEBUG net.sf.ehcache.Cache - No BootstrapCacheLoaderFactory class specified. Skipping...
2022-01-12 19:25:46.664 [restartedMain] DEBUG net.sf.ehcache.Cache - CacheWriter factory not configured. Skipping...
2022-01-12 19:25:46.664 [restartedMain] DEBUG net.sf.ehcache.config.ConfigurationHelper - No CacheExceptionHandlerFactory class specified. Skipping...
2022-01-12 19:25:46.665 [restartedMain] WARN  net.sf.ehcache.config.CacheConfiguration - Configuration problem for cache resourceCache: MaxEntriesLocalHeap equal or greater than MaxEntriesLocalDisk. This will result in useless disk storage.
2022-01-12 19:25:46.675 [restartedMain] DEBUG net.sf.ehcache.DiskStorePathManager - Using diskstore path /var/folders/nc/x7b4xvvx37579s0nkb8qblj00000gn/T
2022-01-12 19:25:46.676 [restartedMain] DEBUG net.sf.ehcache.DiskStorePathManager - Holding exclusive lock on /var/folders/nc/x7b4xvvx37579s0nkb8qblj00000gn/T/.ehcache-diskstore.lock
2022-01-12 19:25:46.676 [restartedMain] DEBUG net.sf.ehcache.store.disk.DiskStorageFactory - Failed to delete file resource%0043ache.data
2022-01-12 19:25:46.676 [restartedMain] DEBUG net.sf.ehcache.store.disk.DiskStorageFactory - Failed to delete file resource%0043ache.index
2022-01-12 19:25:46.679 [restartedMain] DEBUG net.sf.ehcache.store.disk.DiskStorageFactory - Matching data file missing (or empty) for index file. Deleting index file /var/folders/nc/x7b4xvvx37579s0nkb8qblj00000gn/T/resource%0043ache.index
2022-01-12 19:25:46.681 [restartedMain] DEBUG net.sf.ehcache.store.disk.DiskStorageFactory - Failed to delete file resource%0043ache.index
2022-01-12 19:25:46.716 [restartedMain] DEBUG net.sf.ehcache.statistics.extended.ExtendedStatisticsImpl - Mocking Pass-Through Statistic: LOCAL_OFFHEAP_SIZE
2022-01-12 19:25:46.717 [restartedMain] DEBUG net.sf.ehcache.statistics.extended.ExtendedStatisticsImpl - Mocking Pass-Through Statistic: LOCAL_OFFHEAP_SIZE_BYTES
2022-01-12 19:25:46.717 [restartedMain] DEBUG net.sf.ehcache.statistics.extended.ExtendedStatisticsImpl - Mocking Pass-Through Statistic: WRITER_QUEUE_LENGTH
2022-01-12 19:25:46.718 [restartedMain] DEBUG net.sf.ehcache.statistics.extended.ExtendedStatisticsImpl - Mocking Pass-Through Statistic: REMOTE_SIZE
2022-01-12 19:25:46.718 [restartedMain] DEBUG net.sf.ehcache.statistics.extended.ExtendedStatisticsImpl - Mocking Pass-Through Statistic: LAST_REJOIN_TIMESTAMP
2022-01-12 19:25:46.724 [restartedMain] DEBUG net.sf.ehcache.statistics.extended.ExtendedStatisticsImpl - Mocking Operation Statistic: OFFHEAP_GET
2022-01-12 19:25:46.724 [restartedMain] DEBUG net.sf.ehcache.statistics.extended.ExtendedStatisticsImpl - Mocking Operation Statistic: OFFHEAP_PUT
2022-01-12 19:25:46.725 [restartedMain] DEBUG net.sf.ehcache.statistics.extended.ExtendedStatisticsImpl - Mocking Operation Statistic: OFFHEAP_REMOVE
2022-01-12 19:25:46.726 [restartedMain] DEBUG net.sf.ehcache.statistics.extended.ExtendedStatisticsImpl - Mocking Operation Statistic: XA_COMMIT
2022-01-12 19:25:46.727 [restartedMain] DEBUG net.sf.ehcache.statistics.extended.ExtendedStatisticsImpl - Mocking Operation Statistic: XA_ROLLBACK
2022-01-12 19:25:46.727 [restartedMain] DEBUG net.sf.ehcache.statistics.extended.ExtendedStatisticsImpl - Mocking Operation Statistic: XA_RECOVERY
2022-01-12 19:25:46.728 [restartedMain] DEBUG net.sf.ehcache.statistics.extended.ExtendedStatisticsImpl - Mocking Operation Statistic: CLUSTER_EVENT
2022-01-12 19:25:46.728 [restartedMain] DEBUG net.sf.ehcache.statistics.extended.ExtendedStatisticsImpl - Mocking Operation Statistic: NONSTOP
2022-01-12 19:25:46.733 [restartedMain] DEBUG net.sf.ehcache.Cache - Initialised cache: resourceCache
2022-01-12 19:25:46.734 [restartedMain] DEBUG net.sf.ehcache.config.ConfigurationHelper - CacheDecoratorFactory not configured. Skipping for 'resourceCache'.
2022-01-12 19:25:46.734 [restartedMain] DEBUG net.sf.ehcache.config.ConfigurationHelper - CacheDecoratorFactory not configured for defaultCache. Skipping for 'resourceCache'.
2022-01-12 19:25:47.158 [restartedMain] WARN  org.springframework.boot.autoconfigure.orm.jpa.JpaBaseConfiguration$JpaWebConfiguration$JpaWebMvcConfiguration - spring.jpa.open-in-view is enabled by default. Therefore, database queries may be performed during view rendering. Explicitly configure spring.jpa.open-in-view to disable this warning
2022-01-12 19:25:47.505 [restartedMain] INFO  org.apache.coyote.http11.Http11NioProtocol - Starting ProtocolHandler ["http-nio-80"]
2022-01-12 19:25:47.528 [restartedMain] INFO  net.sppan.base.Application - Started Application in 7.09 seconds (JVM running for 8.25)
2022-01-12 19:25:47.530 [restartedMain] DEBUG net.sppan.base.Application - 启动成功
2022-01-12 19:25:59.888 [http-nio-80-exec-1] INFO  org.apache.catalina.core.ContainerBase.[Tomcat].[localhost].[/] - Initializing Spring DispatcherServlet 'dispatcherServlet'
2022-01-12 19:25:59.996 [http-nio-80-exec-1] DEBUG org.hibernate.SQL - select user0_.deviceId as id1_4_, user0_.address as address2_4_, user0_.birthday as birthday3_4_, user0_.create_time as create_t4_4_, user0_.delete_status as delete_s5_4_, user0_.description as descript6_4_, user0_.email as email7_4_, user0_.locked as locked8_4_, user0_.nick_name as nick_nam9_4_, user0_.password as passwor10_4_, user0_.sex as sex11_4_, user0_.telephone as telepho12_4_, user0_.update_time as update_13_4_, user0_.user_name as user_na14_4_ from tb_user user0_
2022-01-12 19:26:00.022 [http-nio-80-exec-1] DEBUG net.sppan.base.controller.web.IndexController - [net.sppan.base.entity.User@2f795f7a]
2022-01-12 19:26:33.621 [http-nio-80-exec-8] DEBUG org.hibernate.SQL - select user0_.deviceId as id1_4_, user0_.address as address2_4_, user0_.birthday as birthday3_4_, user0_.create_time as create_t4_4_, user0_.delete_status as delete_s5_4_, user0_.description as descript6_4_, user0_.email as email7_4_, user0_.locked as locked8_4_, user0_.nick_name as nick_nam9_4_, user0_.password as passwor10_4_, user0_.sex as sex11_4_, user0_.telephone as telepho12_4_, user0_.update_time as update_13_4_, user0_.user_name as user_na14_4_ from tb_user user0_ where user0_.user_name=?
2022-01-12 19:26:33.708 [http-nio-80-exec-2] DEBUG org.hibernate.SQL - select user0_.deviceId as id1_4_, user0_.address as address2_4_, user0_.birthday as birthday3_4_, user0_.create_time as create_t4_4_, user0_.delete_status as delete_s5_4_, user0_.description as descript6_4_, user0_.email as email7_4_, user0_.locked as locked8_4_, user0_.nick_name as nick_nam9_4_, user0_.password as passwor10_4_, user0_.sex as sex11_4_, user0_.telephone as telepho12_4_, user0_.update_time as update_13_4_, user0_.user_name as user_na14_4_ from tb_user user0_ where user0_.user_name=?
2022-01-12 19:26:33.715 [http-nio-80-exec-2] DEBUG org.hibernate.SQL - select roles0_.user_id as user_id1_5_0_, roles0_.role_id as role_id2_5_0_, role1_.deviceId as id1_2_1_, role1_.create_time as create_t2_2_1_, role1_.description as descript3_2_1_, role1_.name as name4_2_1_, role1_.role_key as role_key5_2_1_, role1_.status as status6_2_1_, role1_.update_time as update_t7_2_1_ from tb_user_role roles0_ inner join tb_role role1_ on roles0_.role_id=role1_.deviceId where roles0_.user_id=?
2022-01-12 19:26:33.731 [http-nio-80-exec-2] DEBUG org.hibernate.SQL - select resources0_.role_id as role_id1_3_0_, resources0_.resource_id as resource2_3_0_, resource1_.deviceId as id1_1_1_, resource1_.create_time as create_t2_1_1_, resource1_.description as descript3_1_1_, resource1_.icon as icon4_1_1_, resource1_.is_hide as is_hide5_1_1_, resource1_.level as level6_1_1_, resource1_.name as name7_1_1_, resource1_.parent_id as parent_13_1_1_, resource1_.sort as sort8_1_1_, resource1_.source_key as source_k9_1_1_, resource1_.source_url as source_10_1_1_, resource1_.type as type11_1_1_, resource1_.update_time as update_12_1_1_ from tb_role_resource resources0_ inner join tb_resource resource1_ on resources0_.resource_id=resource1_.deviceId where resources0_.role_id=?
2022-01-12 19:26:33.744 [http-nio-80-exec-2] DEBUG org.hibernate.SQL - select user0_.deviceId as id1_4_, user0_.address as address2_4_, user0_.birthday as birthday3_4_, user0_.create_time as create_t4_4_, user0_.delete_status as delete_s5_4_, user0_.description as descript6_4_, user0_.email as email7_4_, user0_.locked as locked8_4_, user0_.nick_name as nick_nam9_4_, user0_.password as passwor10_4_, user0_.sex as sex11_4_, user0_.telephone as telepho12_4_, user0_.update_time as update_13_4_, user0_.user_name as user_na14_4_ from tb_user user0_ where user0_.user_name=?
2022-01-12 19:26:33.752 [http-nio-80-exec-2] DEBUG org.hibernate.SQL - select user0_.deviceId as id1_4_, user0_.address as address2_4_, user0_.birthday as birthday3_4_, user0_.create_time as create_t4_4_, user0_.delete_status as delete_s5_4_, user0_.description as descript6_4_, user0_.email as email7_4_, user0_.locked as locked8_4_, user0_.nick_name as nick_nam9_4_, user0_.password as passwor10_4_, user0_.sex as sex11_4_, user0_.telephone as telepho12_4_, user0_.update_time as update_13_4_, user0_.user_name as user_na14_4_ from tb_user user0_ where user0_.user_name=?
2022-01-12 19:26:33.755 [http-nio-80-exec-2] DEBUG org.hibernate.SQL - select user0_.deviceId as id1_4_, user0_.address as address2_4_, user0_.birthday as birthday3_4_, user0_.create_time as create_t4_4_, user0_.delete_status as delete_s5_4_, user0_.description as descript6_4_, user0_.email as email7_4_, user0_.locked as locked8_4_, user0_.nick_name as nick_nam9_4_, user0_.password as passwor10_4_, user0_.sex as sex11_4_, user0_.telephone as telepho12_4_, user0_.update_time as update_13_4_, user0_.user_name as user_na14_4_ from tb_user user0_ where user0_.user_name=?
2022-01-12 19:26:33.759 [http-nio-80-exec-2] DEBUG org.hibernate.SQL - select user0_.deviceId as id1_4_, user0_.address as address2_4_, user0_.birthday as birthday3_4_, user0_.create_time as create_t4_4_, user0_.delete_status as delete_s5_4_, user0_.description as descript6_4_, user0_.email as email7_4_, user0_.locked as locked8_4_, user0_.nick_name as nick_nam9_4_, user0_.password as passwor10_4_, user0_.sex as sex11_4_, user0_.telephone as telepho12_4_, user0_.update_time as update_13_4_, user0_.user_name as user_na14_4_ from tb_user user0_ where user0_.user_name=?
2022-01-12 19:26:33.764 [http-nio-80-exec-2] DEBUG org.hibernate.SQL - select user0_.deviceId as id1_4_, user0_.address as address2_4_, user0_.birthday as birthday3_4_, user0_.create_time as create_t4_4_, user0_.delete_status as delete_s5_4_, user0_.description as descript6_4_, user0_.email as email7_4_, user0_.locked as locked8_4_, user0_.nick_name as nick_nam9_4_, user0_.password as passwor10_4_, user0_.sex as sex11_4_, user0_.telephone as telepho12_4_, user0_.update_time as update_13_4_, user0_.user_name as user_na14_4_ from tb_user user0_ where user0_.user_name=?
2022-01-12 19:28:23.241 [http-nio-80-exec-6] WARN  com.alibaba.druid.pool.DruidAbstractDataSource - discard long time none received connection. , jdbcUrl : jdbc:mysql://localhost:3306/data?useSSL=false&useUnicode=true&cahracterEncoding=utf-8&serverTimezone=GMT%2B8, version : 1.2.8, lastPacketReceivedIdleMillis : 109461
2022-01-12 19:28:23.243 [http-nio-80-exec-6] DEBUG com.alibaba.druid.pool.DruidDataSource - skip not validate connection.
2022-01-12 19:28:23.287 [http-nio-80-exec-6] DEBUG org.hibernate.SQL - select attackedms0_.deviceId as id1_0_, attackedms0_.attack_time as attack_t2_0_, attackedms0_.attack_type as attack_t3_0_, attackedms0_.contract as contract4_0_, attackedms0_.description as descript5_0_, attackedms0_.ip_addr as ip_addr6_0_, attackedms0_.is_success as is_succe7_0_, attackedms0_.location as location8_0_, attackedms0_.port as port9_0_ from tb_honeyed attackedms0_ limit ?
2022-01-12 19:28:23.311 [http-nio-80-exec-6] DEBUG org.hibernate.SQL - select count(attackedms0_.deviceId) as col_0_0_ from tb_honeyed attackedms0_
2022-01-12 19:28:24.951 [http-nio-80-exec-9] DEBUG org.hibernate.SQL - select attackedms0_.deviceId as id1_0_, attackedms0_.attack_time as attack_t2_0_, attackedms0_.attack_type as attack_t3_0_, attackedms0_.contract as contract4_0_, attackedms0_.description as descript5_0_, attackedms0_.ip_addr as ip_addr6_0_, attackedms0_.is_success as is_succe7_0_, attackedms0_.location as location8_0_, attackedms0_.port as port9_0_ from tb_honeyed attackedms0_ limit ?
2022-01-12 19:28:24.956 [http-nio-80-exec-9] DEBUG org.hibernate.SQL - select count(attackedms0_.deviceId) as col_0_0_ from tb_honeyed attackedms0_
2022-01-12 19:29:49.144 [http-nio-80-exec-1] WARN  com.alibaba.druid.pool.DruidAbstractDataSource - discard long time none received connection. , jdbcUrl : jdbc:mysql://localhost:3306/data?useSSL=false&useUnicode=true&cahracterEncoding=utf-8&serverTimezone=GMT%2B8, version : 1.2.8, lastPacketReceivedIdleMillis : 84184
2022-01-12 19:29:49.145 [http-nio-80-exec-1] DEBUG com.alibaba.druid.pool.DruidDataSource - skip not validate connection.
2022-01-12 19:29:49.158 [http-nio-80-exec-1] DEBUG org.hibernate.SQL - select attackedms0_.deviceId as id1_0_, attackedms0_.attack_time as attack_t2_0_, attackedms0_.attack_type as attack_t3_0_, attackedms0_.contract as contract4_0_, attackedms0_.description as descript5_0_, attackedms0_.ip_addr as ip_addr6_0_, attackedms0_.is_success as is_succe7_0_, attackedms0_.location as location8_0_, attackedms0_.port as port9_0_ from tb_honeyed attackedms0_ limit ?
2022-01-12 19:29:49.164 [http-nio-80-exec-1] DEBUG org.hibernate.SQL - select count(attackedms0_.deviceId) as col_0_0_ from tb_honeyed attackedms0_
2022-01-12 19:31:48.494 [http-nio-80-exec-2] WARN  com.alibaba.druid.pool.DruidAbstractDataSource - discard long time none received connection. , jdbcUrl : jdbc:mysql://localhost:3306/data?useSSL=false&useUnicode=true&cahracterEncoding=utf-8&serverTimezone=GMT%2B8, version : 1.2.8, lastPacketReceivedIdleMillis : 119327
2022-01-12 19:31:48.500 [http-nio-80-exec-2] DEBUG com.alibaba.druid.pool.DruidDataSource - skip not validate connection.
2022-01-12 19:31:48.513 [http-nio-80-exec-2] DEBUG org.hibernate.SQL - select attackedms0_.deviceId as id1_0_, attackedms0_.attack_time as attack_t2_0_, attackedms0_.attack_type as attack_t3_0_, attackedms0_.contract as contract4_0_, attackedms0_.description as descript5_0_, attackedms0_.ip_addr as ip_addr6_0_, attackedms0_.is_success as is_succe7_0_, attackedms0_.location as location8_0_, attackedms0_.port as port9_0_ from tb_honeyed attackedms0_ limit ?, ?
2022-01-12 19:31:48.521 [http-nio-80-exec-2] DEBUG org.hibernate.SQL - select count(attackedms0_.deviceId) as col_0_0_ from tb_honeyed attackedms0_
2022-01-12 19:31:49.584 [http-nio-80-exec-3] DEBUG org.hibernate.SQL - select attackedms0_.deviceId as id1_0_, attackedms0_.attack_time as attack_t2_0_, attackedms0_.attack_type as attack_t3_0_, attackedms0_.contract as contract4_0_, attackedms0_.description as descript5_0_, attackedms0_.ip_addr as ip_addr6_0_, attackedms0_.is_success as is_succe7_0_, attackedms0_.location as location8_0_, attackedms0_.port as port9_0_ from tb_honeyed attackedms0_ limit ?
2022-01-12 19:31:49.591 [http-nio-80-exec-3] DEBUG org.hibernate.SQL - select count(attackedms0_.deviceId) as col_0_0_ from tb_honeyed attackedms0_
2022-01-12 19:31:50.768 [http-nio-80-exec-1] DEBUG org.hibernate.SQL - select attackedms0_.deviceId as id1_0_, attackedms0_.attack_time as attack_t2_0_, attackedms0_.attack_type as attack_t3_0_, attackedms0_.contract as contract4_0_, attackedms0_.description as descript5_0_, attackedms0_.ip_addr as ip_addr6_0_, attackedms0_.is_success as is_succe7_0_, attackedms0_.location as location8_0_, attackedms0_.port as port9_0_ from tb_honeyed attackedms0_ limit ?, ?
2022-01-12 19:31:50.777 [http-nio-80-exec-1] DEBUG org.hibernate.SQL - select count(attackedms0_.deviceId) as col_0_0_ from tb_honeyed attackedms0_
2022-01-12 19:31:51.834 [http-nio-80-exec-5] DEBUG org.hibernate.SQL - select attackedms0_.deviceId as id1_0_, attackedms0_.attack_time as attack_t2_0_, attackedms0_.attack_type as attack_t3_0_, attackedms0_.contract as contract4_0_, attackedms0_.description as descript5_0_, attackedms0_.ip_addr as ip_addr6_0_, attackedms0_.is_success as is_succe7_0_, attackedms0_.location as location8_0_, attackedms0_.port as port9_0_ from tb_honeyed attackedms0_ limit ?, ?
2022-01-12 19:31:51.838 [http-nio-80-exec-5] DEBUG org.hibernate.SQL - select count(attackedms0_.deviceId) as col_0_0_ from tb_honeyed attackedms0_
2022-01-12 19:31:54.222 [http-nio-80-exec-6] DEBUG org.hibernate.SQL - select attackedms0_.deviceId as id1_0_, attackedms0_.attack_time as attack_t2_0_, attackedms0_.attack_type as attack_t3_0_, attackedms0_.contract as contract4_0_, attackedms0_.description as descript5_0_, attackedms0_.ip_addr as ip_addr6_0_, attackedms0_.is_success as is_succe7_0_, attackedms0_.location as location8_0_, attackedms0_.port as port9_0_ from tb_honeyed attackedms0_ limit ?
2022-01-12 19:31:54.232 [http-nio-80-exec-6] DEBUG org.hibernate.SQL - select count(attackedms0_.deviceId) as col_0_0_ from tb_honeyed attackedms0_
2022-01-12 19:40:59.660 [http-nio-80-exec-1] WARN  com.alibaba.druid.pool.DruidAbstractDataSource - discard long time none received connection. , jdbcUrl : jdbc:mysql://localhost:3306/data?useSSL=false&useUnicode=true&cahracterEncoding=utf-8&serverTimezone=GMT%2B8, version : 1.2.8, lastPacketReceivedIdleMillis : 545419
2022-01-12 19:40:59.663 [http-nio-80-exec-1] DEBUG com.alibaba.druid.pool.DruidDataSource - skip not validate connection.
2022-01-12 19:40:59.678 [http-nio-80-exec-1] DEBUG org.hibernate.SQL - select attackedms0_.deviceId as id1_0_, attackedms0_.attack_time as attack_t2_0_, attackedms0_.attack_type as attack_t3_0_, attackedms0_.contract as contract4_0_, attackedms0_.description as descript5_0_, attackedms0_.ip_addr as ip_addr6_0_, attackedms0_.is_success as is_succe7_0_, attackedms0_.location as location8_0_, attackedms0_.port as port9_0_ from tb_honeyed attackedms0_ limit ?
2022-01-12 19:40:59.686 [http-nio-80-exec-1] DEBUG org.hibernate.SQL - select count(attackedms0_.deviceId) as col_0_0_ from tb_honeyed attackedms0_
2022-01-12 19:41:06.044 [http-nio-80-exec-1] DEBUG org.hibernate.SQL - select attackedms0_.deviceId as id1_0_, attackedms0_.attack_time as attack_t2_0_, attackedms0_.attack_type as attack_t3_0_, attackedms0_.contract as contract4_0_, attackedms0_.description as descript5_0_, attackedms0_.ip_addr as ip_addr6_0_, attackedms0_.is_success as is_succe7_0_, attackedms0_.location as location8_0_, attackedms0_.port as port9_0_ from tb_honeyed attackedms0_ limit ?
2022-01-12 19:41:06.052 [http-nio-80-exec-1] DEBUG org.hibernate.SQL - select count(attackedms0_.deviceId) as col_0_0_ from tb_honeyed attackedms0_
2022-01-12 20:03:24.260 [Thread-24] INFO  com.alibaba.druid.pool.DruidDataSource - {dataSource-1} closing ...
2022-01-12 20:03:24.271 [Thread-24] INFO  com.alibaba.druid.pool.DruidDataSource - {dataSource-1} closed
