2022-02-13 18:28:24.432 [restartedMain] INFO  net.sppan.base.Application - Starting Application on leedeMacBook-Pro.local with PID 65474 (/Users/lee/Documents/GraduationProject/project/SPPanAdmin/target/classes started by lee in /Users/lee/Documents/GraduationProject/project/SPPanAdmin)
2022-02-13 18:28:24.434 [restartedMain] DEBUG net.sppan.base.Application - Running with Spring Boot v2.1.5.RELEASE, Spring v5.1.7.RELEASE
2022-02-13 18:28:24.434 [restartedMain] INFO  net.sppan.base.Application - No active profile set, falling back to default profiles: default
2022-02-13 18:28:26.621 [restartedMain] INFO  com.alibaba.druid.pool.DruidDataSource - {dataSource-1} inited
2022-02-13 18:28:28.946 [restartedMain] DEBUG org.hibernate.SQL - select resource0_.id as id1_3_, resource0_.create_time as create_t2_3_, resource0_.description as descript3_3_, resource0_.icon as icon4_3_, resource0_.is_hide as is_hide5_3_, resource0_.level as level6_3_, resource0_.name as name7_3_, resource0_.parent_id as parent_13_3_, resource0_.sort as sort8_3_, resource0_.source_key as source_k9_3_, resource0_.source_url as source_10_3_, resource0_.type as type11_3_, resource0_.update_time as update_12_3_ from tb_resource resource0_
2022-02-13 18:28:29.390 [restartedMain] INFO  org.apache.coyote.http11.Http11NioProtocol - Initializing ProtocolHandler ["http-nio-80"]
2022-02-13 18:28:29.398 [restartedMain] INFO  org.apache.catalina.core.StandardService - Starting service [Tomcat]
2022-02-13 18:28:29.398 [restartedMain] INFO  org.apache.catalina.core.StandardEngine - Starting Servlet engine: [Apache Tomcat/9.0.19]
2022-02-13 18:28:29.490 [restartedMain] INFO  org.apache.catalina.core.ContainerBase.[Tomcat].[localhost].[/] - Initializing Spring embedded WebApplicationContext
2022-02-13 18:28:30.377 [restartedMain] DEBUG net.sf.ehcache.config.ConfigurationFactory - Configuring ehcache from InputStream
2022-02-13 18:28:30.391 [restartedMain] DEBUG net.sf.ehcache.config.BeanHandler - Ignoring ehcache attribute xmlns:xsi
2022-02-13 18:28:30.391 [restartedMain] DEBUG net.sf.ehcache.config.BeanHandler - Ignoring ehcache attribute xsi:noNamespaceSchemaLocation
2022-02-13 18:28:30.393 [restartedMain] DEBUG net.sf.ehcache.config.DiskStoreConfiguration - Disk Store Path: /var/folders/nc/x7b4xvvx37579s0nkb8qblj00000gn/T/
2022-02-13 18:28:30.401 [restartedMain] DEBUG net.sf.ehcache.CacheManager - Creating new CacheManager with Configuration Object
2022-02-13 18:28:30.405 [restartedMain] DEBUG net.sf.ehcache.util.PropertyUtil - propertiesString is null.
2022-02-13 18:28:30.409 [restartedMain] DEBUG net.sf.ehcache.config.ConfigurationHelper - No CacheManagerEventListenerFactory class specified. Skipping...
2022-02-13 18:28:30.431 [restartedMain] DEBUG net.sf.ehcache.Cache - No BootstrapCacheLoaderFactory class specified. Skipping...
2022-02-13 18:28:30.432 [restartedMain] DEBUG net.sf.ehcache.Cache - CacheWriter factory not configured. Skipping...
2022-02-13 18:28:30.432 [restartedMain] DEBUG net.sf.ehcache.config.ConfigurationHelper - No CacheExceptionHandlerFactory class specified. Skipping...
2022-02-13 18:28:30.437 [restartedMain] DEBUG net.sf.ehcache.Cache - No BootstrapCacheLoaderFactory class specified. Skipping...
2022-02-13 18:28:30.438 [restartedMain] DEBUG net.sf.ehcache.Cache - CacheWriter factory not configured. Skipping...
2022-02-13 18:28:30.438 [restartedMain] DEBUG net.sf.ehcache.config.ConfigurationHelper - No CacheExceptionHandlerFactory class specified. Skipping...
2022-02-13 18:28:30.439 [restartedMain] WARN  net.sf.ehcache.config.CacheConfiguration - Configuration problem for cache resourceCache: MaxEntriesLocalHeap equal or greater than MaxEntriesLocalDisk. This will result in useless disk storage.
2022-02-13 18:28:30.447 [restartedMain] DEBUG net.sf.ehcache.DiskStorePathManager - Using diskstore path /var/folders/nc/x7b4xvvx37579s0nkb8qblj00000gn/T
2022-02-13 18:28:30.447 [restartedMain] DEBUG net.sf.ehcache.DiskStorePathManager - Holding exclusive lock on /var/folders/nc/x7b4xvvx37579s0nkb8qblj00000gn/T/.ehcache-diskstore.lock
2022-02-13 18:28:30.447 [restartedMain] DEBUG net.sf.ehcache.store.disk.DiskStorageFactory - Failed to delete file resource%0043ache.data
2022-02-13 18:28:30.447 [restartedMain] DEBUG net.sf.ehcache.store.disk.DiskStorageFactory - Failed to delete file resource%0043ache.index
2022-02-13 18:28:30.449 [restartedMain] DEBUG net.sf.ehcache.store.disk.DiskStorageFactory - Matching data file missing (or empty) for index file. Deleting index file /var/folders/nc/x7b4xvvx37579s0nkb8qblj00000gn/T/resource%0043ache.index
2022-02-13 18:28:30.449 [restartedMain] DEBUG net.sf.ehcache.store.disk.DiskStorageFactory - Failed to delete file resource%0043ache.index
2022-02-13 18:28:30.476 [restartedMain] DEBUG net.sf.ehcache.statistics.extended.ExtendedStatisticsImpl - Mocking Pass-Through Statistic: LOCAL_OFFHEAP_SIZE
2022-02-13 18:28:30.477 [restartedMain] DEBUG net.sf.ehcache.statistics.extended.ExtendedStatisticsImpl - Mocking Pass-Through Statistic: LOCAL_OFFHEAP_SIZE_BYTES
2022-02-13 18:28:30.479 [restartedMain] DEBUG net.sf.ehcache.statistics.extended.ExtendedStatisticsImpl - Mocking Pass-Through Statistic: WRITER_QUEUE_LENGTH
2022-02-13 18:28:30.479 [restartedMain] DEBUG net.sf.ehcache.statistics.extended.ExtendedStatisticsImpl - Mocking Pass-Through Statistic: REMOTE_SIZE
2022-02-13 18:28:30.479 [restartedMain] DEBUG net.sf.ehcache.statistics.extended.ExtendedStatisticsImpl - Mocking Pass-Through Statistic: LAST_REJOIN_TIMESTAMP
2022-02-13 18:28:30.488 [restartedMain] DEBUG net.sf.ehcache.statistics.extended.ExtendedStatisticsImpl - Mocking Operation Statistic: OFFHEAP_GET
2022-02-13 18:28:30.490 [restartedMain] DEBUG net.sf.ehcache.statistics.extended.ExtendedStatisticsImpl - Mocking Operation Statistic: OFFHEAP_PUT
2022-02-13 18:28:30.490 [restartedMain] DEBUG net.sf.ehcache.statistics.extended.ExtendedStatisticsImpl - Mocking Operation Statistic: OFFHEAP_REMOVE
2022-02-13 18:28:30.492 [restartedMain] DEBUG net.sf.ehcache.statistics.extended.ExtendedStatisticsImpl - Mocking Operation Statistic: XA_COMMIT
2022-02-13 18:28:30.493 [restartedMain] DEBUG net.sf.ehcache.statistics.extended.ExtendedStatisticsImpl - Mocking Operation Statistic: XA_ROLLBACK
2022-02-13 18:28:30.493 [restartedMain] DEBUG net.sf.ehcache.statistics.extended.ExtendedStatisticsImpl - Mocking Operation Statistic: XA_RECOVERY
2022-02-13 18:28:30.494 [restartedMain] DEBUG net.sf.ehcache.statistics.extended.ExtendedStatisticsImpl - Mocking Operation Statistic: CLUSTER_EVENT
2022-02-13 18:28:30.495 [restartedMain] DEBUG net.sf.ehcache.statistics.extended.ExtendedStatisticsImpl - Mocking Operation Statistic: NONSTOP
2022-02-13 18:28:30.502 [restartedMain] DEBUG net.sf.ehcache.Cache - Initialised cache: resourceCache
2022-02-13 18:28:30.502 [restartedMain] DEBUG net.sf.ehcache.config.ConfigurationHelper - CacheDecoratorFactory not configured. Skipping for 'resourceCache'.
2022-02-13 18:28:30.502 [restartedMain] DEBUG net.sf.ehcache.config.ConfigurationHelper - CacheDecoratorFactory not configured for defaultCache. Skipping for 'resourceCache'.
2022-02-13 18:28:30.879 [restartedMain] WARN  org.springframework.boot.autoconfigure.orm.jpa.JpaBaseConfiguration$JpaWebConfiguration$JpaWebMvcConfiguration - spring.jpa.open-in-view is enabled by default. Therefore, database queries may be performed during view rendering. Explicitly configure spring.jpa.open-in-view to disable this warning
2022-02-13 18:28:31.233 [restartedMain] INFO  org.apache.coyote.http11.Http11NioProtocol - Starting ProtocolHandler ["http-nio-80"]
2022-02-13 18:28:31.257 [restartedMain] INFO  net.sppan.base.Application - Started Application in 7.454 seconds (JVM running for 8.56)
2022-02-13 18:28:31.259 [restartedMain] DEBUG net.sppan.base.Application - 启动成功
2022-02-13 18:28:53.810 [http-nio-80-exec-1] INFO  org.apache.catalina.core.ContainerBase.[Tomcat].[localhost].[/] - Initializing Spring DispatcherServlet 'dispatcherServlet'
2022-02-13 18:29:44.341 [http-nio-80-exec-5] WARN  com.alibaba.druid.pool.DruidAbstractDataSource - discard long time none received connection. , jdbcUrl : jdbc:mysql://localhost:3306/data?useSSL=false&useUnicode=true&cahracterEncoding=utf-8&serverTimezone=GMT%2B8, version : 1.2.8, lastPacketReceivedIdleMillis : 75324
2022-02-13 18:29:44.343 [http-nio-80-exec-5] DEBUG com.alibaba.druid.pool.DruidDataSource - skip not validate connection.
2022-02-13 18:29:44.390 [http-nio-80-exec-5] DEBUG org.hibernate.SQL - select user0_.id as id1_6_, user0_.address as address2_6_, user0_.birthday as birthday3_6_, user0_.create_time as create_t4_6_, user0_.delete_status as delete_s5_6_, user0_.description as descript6_6_, user0_.email as email7_6_, user0_.locked as locked8_6_, user0_.nick_name as nick_nam9_6_, user0_.password as passwor10_6_, user0_.sex as sex11_6_, user0_.telephone as telepho12_6_, user0_.update_time as update_13_6_, user0_.user_name as user_na14_6_ from tb_user user0_
2022-02-13 18:29:44.413 [http-nio-80-exec-5] DEBUG net.sppan.base.controller.web.IndexController - [net.sppan.base.entity.User@4ce2d8e7]
2022-02-13 18:31:21.381 [Thread-25] INFO  com.alibaba.druid.pool.DruidDataSource - {dataSource-1} closing ...
2022-02-13 18:31:21.387 [Thread-25] INFO  com.alibaba.druid.pool.DruidDataSource - {dataSource-1} closed
2022-02-13 18:31:26.032 [restartedMain] INFO  net.sppan.base.Application - Starting Application on leedeMacBook-Pro.local with PID 65533 (/Users/lee/Documents/GraduationProject/project/SPPanAdmin/target/classes started by lee in /Users/lee/Documents/GraduationProject/project/SPPanAdmin)
2022-02-13 18:31:26.034 [restartedMain] DEBUG net.sppan.base.Application - Running with Spring Boot v2.1.5.RELEASE, Spring v5.1.7.RELEASE
2022-02-13 18:31:26.034 [restartedMain] INFO  net.sppan.base.Application - No active profile set, falling back to default profiles: default
2022-02-13 18:31:28.070 [restartedMain] INFO  com.alibaba.druid.pool.DruidDataSource - {dataSource-1} inited
2022-02-13 18:31:29.725 [restartedMain] DEBUG org.hibernate.SQL - select resource0_.id as id1_3_, resource0_.create_time as create_t2_3_, resource0_.description as descript3_3_, resource0_.icon as icon4_3_, resource0_.is_hide as is_hide5_3_, resource0_.level as level6_3_, resource0_.name as name7_3_, resource0_.parent_id as parent_13_3_, resource0_.sort as sort8_3_, resource0_.source_key as source_k9_3_, resource0_.source_url as source_10_3_, resource0_.type as type11_3_, resource0_.update_time as update_12_3_ from tb_resource resource0_
2022-02-13 18:31:30.119 [restartedMain] INFO  org.apache.coyote.http11.Http11NioProtocol - Initializing ProtocolHandler ["http-nio-80"]
2022-02-13 18:31:30.127 [restartedMain] INFO  org.apache.catalina.core.StandardService - Starting service [Tomcat]
2022-02-13 18:31:30.127 [restartedMain] INFO  org.apache.catalina.core.StandardEngine - Starting Servlet engine: [Apache Tomcat/9.0.19]
2022-02-13 18:31:30.204 [restartedMain] INFO  org.apache.catalina.core.ContainerBase.[Tomcat].[localhost].[/] - Initializing Spring embedded WebApplicationContext
2022-02-13 18:31:31.066 [restartedMain] DEBUG net.sf.ehcache.config.ConfigurationFactory - Configuring ehcache from InputStream
2022-02-13 18:31:31.079 [restartedMain] DEBUG net.sf.ehcache.config.BeanHandler - Ignoring ehcache attribute xmlns:xsi
2022-02-13 18:31:31.079 [restartedMain] DEBUG net.sf.ehcache.config.BeanHandler - Ignoring ehcache attribute xsi:noNamespaceSchemaLocation
2022-02-13 18:31:31.081 [restartedMain] DEBUG net.sf.ehcache.config.DiskStoreConfiguration - Disk Store Path: /var/folders/nc/x7b4xvvx37579s0nkb8qblj00000gn/T/
2022-02-13 18:31:31.088 [restartedMain] DEBUG net.sf.ehcache.CacheManager - Creating new CacheManager with Configuration Object
2022-02-13 18:31:31.091 [restartedMain] DEBUG net.sf.ehcache.util.PropertyUtil - propertiesString is null.
2022-02-13 18:31:31.094 [restartedMain] DEBUG net.sf.ehcache.config.ConfigurationHelper - No CacheManagerEventListenerFactory class specified. Skipping...
2022-02-13 18:31:31.114 [restartedMain] DEBUG net.sf.ehcache.Cache - No BootstrapCacheLoaderFactory class specified. Skipping...
2022-02-13 18:31:31.114 [restartedMain] DEBUG net.sf.ehcache.Cache - CacheWriter factory not configured. Skipping...
2022-02-13 18:31:31.114 [restartedMain] DEBUG net.sf.ehcache.config.ConfigurationHelper - No CacheExceptionHandlerFactory class specified. Skipping...
2022-02-13 18:31:31.118 [restartedMain] DEBUG net.sf.ehcache.Cache - No BootstrapCacheLoaderFactory class specified. Skipping...
2022-02-13 18:31:31.118 [restartedMain] DEBUG net.sf.ehcache.Cache - CacheWriter factory not configured. Skipping...
2022-02-13 18:31:31.118 [restartedMain] DEBUG net.sf.ehcache.config.ConfigurationHelper - No CacheExceptionHandlerFactory class specified. Skipping...
2022-02-13 18:31:31.119 [restartedMain] WARN  net.sf.ehcache.config.CacheConfiguration - Configuration problem for cache resourceCache: MaxEntriesLocalHeap equal or greater than MaxEntriesLocalDisk. This will result in useless disk storage.
2022-02-13 18:31:31.129 [restartedMain] DEBUG net.sf.ehcache.DiskStorePathManager - Using diskstore path /var/folders/nc/x7b4xvvx37579s0nkb8qblj00000gn/T
2022-02-13 18:31:31.129 [restartedMain] DEBUG net.sf.ehcache.DiskStorePathManager - Holding exclusive lock on /var/folders/nc/x7b4xvvx37579s0nkb8qblj00000gn/T/.ehcache-diskstore.lock
2022-02-13 18:31:31.129 [restartedMain] DEBUG net.sf.ehcache.store.disk.DiskStorageFactory - Failed to delete file resource%0043ache.data
2022-02-13 18:31:31.130 [restartedMain] DEBUG net.sf.ehcache.store.disk.DiskStorageFactory - Failed to delete file resource%0043ache.index
2022-02-13 18:31:31.132 [restartedMain] DEBUG net.sf.ehcache.store.disk.DiskStorageFactory - Matching data file missing (or empty) for index file. Deleting index file /var/folders/nc/x7b4xvvx37579s0nkb8qblj00000gn/T/resource%0043ache.index
2022-02-13 18:31:31.132 [restartedMain] DEBUG net.sf.ehcache.store.disk.DiskStorageFactory - Failed to delete file resource%0043ache.index
2022-02-13 18:31:31.154 [restartedMain] DEBUG net.sf.ehcache.statistics.extended.ExtendedStatisticsImpl - Mocking Pass-Through Statistic: LOCAL_OFFHEAP_SIZE
2022-02-13 18:31:31.154 [restartedMain] DEBUG net.sf.ehcache.statistics.extended.ExtendedStatisticsImpl - Mocking Pass-Through Statistic: LOCAL_OFFHEAP_SIZE_BYTES
2022-02-13 18:31:31.155 [restartedMain] DEBUG net.sf.ehcache.statistics.extended.ExtendedStatisticsImpl - Mocking Pass-Through Statistic: WRITER_QUEUE_LENGTH
2022-02-13 18:31:31.155 [restartedMain] DEBUG net.sf.ehcache.statistics.extended.ExtendedStatisticsImpl - Mocking Pass-Through Statistic: REMOTE_SIZE
2022-02-13 18:31:31.155 [restartedMain] DEBUG net.sf.ehcache.statistics.extended.ExtendedStatisticsImpl - Mocking Pass-Through Statistic: LAST_REJOIN_TIMESTAMP
2022-02-13 18:31:31.161 [restartedMain] DEBUG net.sf.ehcache.statistics.extended.ExtendedStatisticsImpl - Mocking Operation Statistic: OFFHEAP_GET
2022-02-13 18:31:31.162 [restartedMain] DEBUG net.sf.ehcache.statistics.extended.ExtendedStatisticsImpl - Mocking Operation Statistic: OFFHEAP_PUT
2022-02-13 18:31:31.162 [restartedMain] DEBUG net.sf.ehcache.statistics.extended.ExtendedStatisticsImpl - Mocking Operation Statistic: OFFHEAP_REMOVE
2022-02-13 18:31:31.163 [restartedMain] DEBUG net.sf.ehcache.statistics.extended.ExtendedStatisticsImpl - Mocking Operation Statistic: XA_COMMIT
2022-02-13 18:31:31.163 [restartedMain] DEBUG net.sf.ehcache.statistics.extended.ExtendedStatisticsImpl - Mocking Operation Statistic: XA_ROLLBACK
2022-02-13 18:31:31.163 [restartedMain] DEBUG net.sf.ehcache.statistics.extended.ExtendedStatisticsImpl - Mocking Operation Statistic: XA_RECOVERY
2022-02-13 18:31:31.164 [restartedMain] DEBUG net.sf.ehcache.statistics.extended.ExtendedStatisticsImpl - Mocking Operation Statistic: CLUSTER_EVENT
2022-02-13 18:31:31.164 [restartedMain] DEBUG net.sf.ehcache.statistics.extended.ExtendedStatisticsImpl - Mocking Operation Statistic: NONSTOP
2022-02-13 18:31:31.169 [restartedMain] DEBUG net.sf.ehcache.Cache - Initialised cache: resourceCache
2022-02-13 18:31:31.170 [restartedMain] DEBUG net.sf.ehcache.config.ConfigurationHelper - CacheDecoratorFactory not configured. Skipping for 'resourceCache'.
2022-02-13 18:31:31.170 [restartedMain] DEBUG net.sf.ehcache.config.ConfigurationHelper - CacheDecoratorFactory not configured for defaultCache. Skipping for 'resourceCache'.
2022-02-13 18:31:31.521 [restartedMain] WARN  org.springframework.boot.autoconfigure.orm.jpa.JpaBaseConfiguration$JpaWebConfiguration$JpaWebMvcConfiguration - spring.jpa.open-in-view is enabled by default. Therefore, database queries may be performed during view rendering. Explicitly configure spring.jpa.open-in-view to disable this warning
2022-02-13 18:31:31.879 [restartedMain] INFO  org.apache.coyote.http11.Http11NioProtocol - Starting ProtocolHandler ["http-nio-80"]
2022-02-13 18:31:31.899 [restartedMain] INFO  net.sppan.base.Application - Started Application in 6.234 seconds (JVM running for 7.088)
2022-02-13 18:31:31.901 [restartedMain] DEBUG net.sppan.base.Application - 启动成功
2022-02-13 18:31:38.308 [http-nio-80-exec-1] INFO  org.apache.catalina.core.ContainerBase.[Tomcat].[localhost].[/] - Initializing Spring DispatcherServlet 'dispatcherServlet'
2022-02-13 18:33:54.287 [http-nio-80-exec-8] WARN  com.alibaba.druid.pool.DruidAbstractDataSource - discard long time none received connection. , jdbcUrl : jdbc:mysql://localhost:3306/data?useSSL=false&useUnicode=true&cahracterEncoding=utf-8&serverTimezone=GMT%2B8, version : 1.2.8, lastPacketReceivedIdleMillis : 144524
2022-02-13 18:33:54.289 [http-nio-80-exec-8] DEBUG com.alibaba.druid.pool.DruidDataSource - skip not validate connection.
2022-02-13 18:33:54.330 [http-nio-80-exec-8] DEBUG org.hibernate.SQL - select user0_.id as id1_6_, user0_.address as address2_6_, user0_.birthday as birthday3_6_, user0_.create_time as create_t4_6_, user0_.delete_status as delete_s5_6_, user0_.description as descript6_6_, user0_.email as email7_6_, user0_.locked as locked8_6_, user0_.nick_name as nick_nam9_6_, user0_.password as passwor10_6_, user0_.sex as sex11_6_, user0_.telephone as telepho12_6_, user0_.update_time as update_13_6_, user0_.user_name as user_na14_6_ from tb_user user0_ where user0_.user_name=?
2022-02-13 18:34:02.823 [http-nio-80-exec-9] DEBUG org.hibernate.SQL - select user0_.id as id1_6_, user0_.address as address2_6_, user0_.birthday as birthday3_6_, user0_.create_time as create_t4_6_, user0_.delete_status as delete_s5_6_, user0_.description as descript6_6_, user0_.email as email7_6_, user0_.locked as locked8_6_, user0_.nick_name as nick_nam9_6_, user0_.password as passwor10_6_, user0_.sex as sex11_6_, user0_.telephone as telepho12_6_, user0_.update_time as update_13_6_, user0_.user_name as user_na14_6_ from tb_user user0_ where user0_.user_name=?
2022-02-13 18:34:02.895 [http-nio-80-exec-1] DEBUG org.hibernate.SQL - select user0_.id as id1_6_, user0_.address as address2_6_, user0_.birthday as birthday3_6_, user0_.create_time as create_t4_6_, user0_.delete_status as delete_s5_6_, user0_.description as descript6_6_, user0_.email as email7_6_, user0_.locked as locked8_6_, user0_.nick_name as nick_nam9_6_, user0_.password as passwor10_6_, user0_.sex as sex11_6_, user0_.telephone as telepho12_6_, user0_.update_time as update_13_6_, user0_.user_name as user_na14_6_ from tb_user user0_ where user0_.user_name=?
2022-02-13 18:34:02.901 [http-nio-80-exec-1] DEBUG org.hibernate.SQL - select roles0_.user_id as user_id1_7_0_, roles0_.role_id as role_id2_7_0_, role1_.id as id1_4_1_, role1_.create_time as create_t2_4_1_, role1_.description as descript3_4_1_, role1_.name as name4_4_1_, role1_.role_key as role_key5_4_1_, role1_.status as status6_4_1_, role1_.update_time as update_t7_4_1_ from tb_user_role roles0_ inner join tb_role role1_ on roles0_.role_id=role1_.id where roles0_.user_id=?
2022-02-13 18:34:02.910 [http-nio-80-exec-1] DEBUG org.hibernate.SQL - select resources0_.role_id as role_id1_5_0_, resources0_.resource_id as resource2_5_0_, resource1_.id as id1_3_1_, resource1_.create_time as create_t2_3_1_, resource1_.description as descript3_3_1_, resource1_.icon as icon4_3_1_, resource1_.is_hide as is_hide5_3_1_, resource1_.level as level6_3_1_, resource1_.name as name7_3_1_, resource1_.parent_id as parent_13_3_1_, resource1_.sort as sort8_3_1_, resource1_.source_key as source_k9_3_1_, resource1_.source_url as source_10_3_1_, resource1_.type as type11_3_1_, resource1_.update_time as update_12_3_1_ from tb_role_resource resources0_ inner join tb_resource resource1_ on resources0_.resource_id=resource1_.id where resources0_.role_id=?
2022-02-13 18:34:02.918 [http-nio-80-exec-1] DEBUG org.hibernate.SQL - select user0_.id as id1_6_, user0_.address as address2_6_, user0_.birthday as birthday3_6_, user0_.create_time as create_t4_6_, user0_.delete_status as delete_s5_6_, user0_.description as descript6_6_, user0_.email as email7_6_, user0_.locked as locked8_6_, user0_.nick_name as nick_nam9_6_, user0_.password as passwor10_6_, user0_.sex as sex11_6_, user0_.telephone as telepho12_6_, user0_.update_time as update_13_6_, user0_.user_name as user_na14_6_ from tb_user user0_ where user0_.user_name=?
2022-02-13 18:34:02.924 [http-nio-80-exec-1] DEBUG org.hibernate.SQL - select user0_.id as id1_6_, user0_.address as address2_6_, user0_.birthday as birthday3_6_, user0_.create_time as create_t4_6_, user0_.delete_status as delete_s5_6_, user0_.description as descript6_6_, user0_.email as email7_6_, user0_.locked as locked8_6_, user0_.nick_name as nick_nam9_6_, user0_.password as passwor10_6_, user0_.sex as sex11_6_, user0_.telephone as telepho12_6_, user0_.update_time as update_13_6_, user0_.user_name as user_na14_6_ from tb_user user0_ where user0_.user_name=?
2022-02-13 18:34:02.927 [http-nio-80-exec-1] DEBUG org.hibernate.SQL - select user0_.id as id1_6_, user0_.address as address2_6_, user0_.birthday as birthday3_6_, user0_.create_time as create_t4_6_, user0_.delete_status as delete_s5_6_, user0_.description as descript6_6_, user0_.email as email7_6_, user0_.locked as locked8_6_, user0_.nick_name as nick_nam9_6_, user0_.password as passwor10_6_, user0_.sex as sex11_6_, user0_.telephone as telepho12_6_, user0_.update_time as update_13_6_, user0_.user_name as user_na14_6_ from tb_user user0_ where user0_.user_name=?
2022-02-13 18:34:02.932 [http-nio-80-exec-1] DEBUG org.hibernate.SQL - select user0_.id as id1_6_, user0_.address as address2_6_, user0_.birthday as birthday3_6_, user0_.create_time as create_t4_6_, user0_.delete_status as delete_s5_6_, user0_.description as descript6_6_, user0_.email as email7_6_, user0_.locked as locked8_6_, user0_.nick_name as nick_nam9_6_, user0_.password as passwor10_6_, user0_.sex as sex11_6_, user0_.telephone as telepho12_6_, user0_.update_time as update_13_6_, user0_.user_name as user_na14_6_ from tb_user user0_ where user0_.user_name=?
2022-02-13 18:34:02.935 [http-nio-80-exec-1] DEBUG org.hibernate.SQL - select user0_.id as id1_6_, user0_.address as address2_6_, user0_.birthday as birthday3_6_, user0_.create_time as create_t4_6_, user0_.delete_status as delete_s5_6_, user0_.description as descript6_6_, user0_.email as email7_6_, user0_.locked as locked8_6_, user0_.nick_name as nick_nam9_6_, user0_.password as passwor10_6_, user0_.sex as sex11_6_, user0_.telephone as telepho12_6_, user0_.update_time as update_13_6_, user0_.user_name as user_na14_6_ from tb_user user0_ where user0_.user_name=?
2022-02-13 18:34:02.939 [http-nio-80-exec-1] DEBUG org.hibernate.SQL - select user0_.id as id1_6_, user0_.address as address2_6_, user0_.birthday as birthday3_6_, user0_.create_time as create_t4_6_, user0_.delete_status as delete_s5_6_, user0_.description as descript6_6_, user0_.email as email7_6_, user0_.locked as locked8_6_, user0_.nick_name as nick_nam9_6_, user0_.password as passwor10_6_, user0_.sex as sex11_6_, user0_.telephone as telepho12_6_, user0_.update_time as update_13_6_, user0_.user_name as user_na14_6_ from tb_user user0_ where user0_.user_name=?
2022-02-13 18:34:02.943 [http-nio-80-exec-1] DEBUG org.hibernate.SQL - select user0_.id as id1_6_, user0_.address as address2_6_, user0_.birthday as birthday3_6_, user0_.create_time as create_t4_6_, user0_.delete_status as delete_s5_6_, user0_.description as descript6_6_, user0_.email as email7_6_, user0_.locked as locked8_6_, user0_.nick_name as nick_nam9_6_, user0_.password as passwor10_6_, user0_.sex as sex11_6_, user0_.telephone as telepho12_6_, user0_.update_time as update_13_6_, user0_.user_name as user_na14_6_ from tb_user user0_ where user0_.user_name=?
2022-02-13 18:34:22.522 [http-nio-80-exec-1] DEBUG org.hibernate.SQL - select attackedms0_.id as id1_2_, attackedms0_.attack_time as attack_t2_2_, attackedms0_.attack_type as attack_t3_2_, attackedms0_.contract as contract4_2_, attackedms0_.description as descript5_2_, attackedms0_.ip_addr as ip_addr6_2_, attackedms0_.is_success as is_succe7_2_, attackedms0_.location as location8_2_, attackedms0_.port as port9_2_ from tb_honeyed attackedms0_ limit ?
2022-02-13 18:34:22.550 [http-nio-80-exec-1] DEBUG org.hibernate.SQL - select count(attackedms0_.id) as col_0_0_ from tb_honeyed attackedms0_
2022-02-13 18:35:16.748 [http-nio-80-exec-8] DEBUG org.hibernate.SQL - select attackedms0_.id as id1_2_, attackedms0_.attack_time as attack_t2_2_, attackedms0_.attack_type as attack_t3_2_, attackedms0_.contract as contract4_2_, attackedms0_.description as descript5_2_, attackedms0_.ip_addr as ip_addr6_2_, attackedms0_.is_success as is_succe7_2_, attackedms0_.location as location8_2_, attackedms0_.port as port9_2_ from tb_honeyed attackedms0_ limit ?
2022-02-13 18:35:16.758 [http-nio-80-exec-8] DEBUG org.hibernate.SQL - select count(attackedms0_.id) as col_0_0_ from tb_honeyed attackedms0_
2022-02-13 18:35:46.208 [Thread-22] INFO  com.alibaba.druid.pool.DruidDataSource - {dataSource-1} closing ...
2022-02-13 18:35:46.212 [Thread-22] INFO  com.alibaba.druid.pool.DruidDataSource - {dataSource-1} closed
2022-02-13 18:35:51.089 [restartedMain] INFO  net.sppan.base.Application - Starting Application on leedeMacBook-Pro.local with PID 65620 (/Users/lee/Documents/GraduationProject/project/SPPanAdmin/target/classes started by lee in /Users/lee/Documents/GraduationProject/project/SPPanAdmin)
2022-02-13 18:35:51.092 [restartedMain] DEBUG net.sppan.base.Application - Running with Spring Boot v2.1.5.RELEASE, Spring v5.1.7.RELEASE
2022-02-13 18:35:51.092 [restartedMain] INFO  net.sppan.base.Application - No active profile set, falling back to default profiles: default
2022-02-13 18:35:53.082 [restartedMain] INFO  com.alibaba.druid.pool.DruidDataSource - {dataSource-1} inited
2022-02-13 18:35:54.762 [restartedMain] DEBUG org.hibernate.SQL - select resource0_.id as id1_3_, resource0_.create_time as create_t2_3_, resource0_.description as descript3_3_, resource0_.icon as icon4_3_, resource0_.is_hide as is_hide5_3_, resource0_.level as level6_3_, resource0_.name as name7_3_, resource0_.parent_id as parent_13_3_, resource0_.sort as sort8_3_, resource0_.source_key as source_k9_3_, resource0_.source_url as source_10_3_, resource0_.type as type11_3_, resource0_.update_time as update_12_3_ from tb_resource resource0_
2022-02-13 18:35:55.156 [restartedMain] INFO  org.apache.coyote.http11.Http11NioProtocol - Initializing ProtocolHandler ["http-nio-80"]
2022-02-13 18:35:55.163 [restartedMain] INFO  org.apache.catalina.core.StandardService - Starting service [Tomcat]
2022-02-13 18:35:55.164 [restartedMain] INFO  org.apache.catalina.core.StandardEngine - Starting Servlet engine: [Apache Tomcat/9.0.19]
2022-02-13 18:35:55.245 [restartedMain] INFO  org.apache.catalina.core.ContainerBase.[Tomcat].[localhost].[/] - Initializing Spring embedded WebApplicationContext
2022-02-13 18:35:56.138 [restartedMain] DEBUG net.sf.ehcache.config.ConfigurationFactory - Configuring ehcache from InputStream
2022-02-13 18:35:56.152 [restartedMain] DEBUG net.sf.ehcache.config.BeanHandler - Ignoring ehcache attribute xmlns:xsi
2022-02-13 18:35:56.153 [restartedMain] DEBUG net.sf.ehcache.config.BeanHandler - Ignoring ehcache attribute xsi:noNamespaceSchemaLocation
2022-02-13 18:35:56.154 [restartedMain] DEBUG net.sf.ehcache.config.DiskStoreConfiguration - Disk Store Path: /var/folders/nc/x7b4xvvx37579s0nkb8qblj00000gn/T/
2022-02-13 18:35:56.161 [restartedMain] DEBUG net.sf.ehcache.CacheManager - Creating new CacheManager with Configuration Object
2022-02-13 18:35:56.164 [restartedMain] DEBUG net.sf.ehcache.util.PropertyUtil - propertiesString is null.
2022-02-13 18:35:56.167 [restartedMain] DEBUG net.sf.ehcache.config.ConfigurationHelper - No CacheManagerEventListenerFactory class specified. Skipping...
2022-02-13 18:35:56.186 [restartedMain] DEBUG net.sf.ehcache.Cache - No BootstrapCacheLoaderFactory class specified. Skipping...
2022-02-13 18:35:56.187 [restartedMain] DEBUG net.sf.ehcache.Cache - CacheWriter factory not configured. Skipping...
2022-02-13 18:35:56.187 [restartedMain] DEBUG net.sf.ehcache.config.ConfigurationHelper - No CacheExceptionHandlerFactory class specified. Skipping...
2022-02-13 18:35:56.190 [restartedMain] DEBUG net.sf.ehcache.Cache - No BootstrapCacheLoaderFactory class specified. Skipping...
2022-02-13 18:35:56.191 [restartedMain] DEBUG net.sf.ehcache.Cache - CacheWriter factory not configured. Skipping...
2022-02-13 18:35:56.191 [restartedMain] DEBUG net.sf.ehcache.config.ConfigurationHelper - No CacheExceptionHandlerFactory class specified. Skipping...
2022-02-13 18:35:56.191 [restartedMain] WARN  net.sf.ehcache.config.CacheConfiguration - Configuration problem for cache resourceCache: MaxEntriesLocalHeap equal or greater than MaxEntriesLocalDisk. This will result in useless disk storage.
2022-02-13 18:35:56.197 [restartedMain] DEBUG net.sf.ehcache.DiskStorePathManager - Using diskstore path /var/folders/nc/x7b4xvvx37579s0nkb8qblj00000gn/T
2022-02-13 18:35:56.197 [restartedMain] DEBUG net.sf.ehcache.DiskStorePathManager - Holding exclusive lock on /var/folders/nc/x7b4xvvx37579s0nkb8qblj00000gn/T/.ehcache-diskstore.lock
2022-02-13 18:35:56.197 [restartedMain] DEBUG net.sf.ehcache.store.disk.DiskStorageFactory - Failed to delete file resource%0043ache.data
2022-02-13 18:35:56.197 [restartedMain] DEBUG net.sf.ehcache.store.disk.DiskStorageFactory - Failed to delete file resource%0043ache.index
2022-02-13 18:35:56.200 [restartedMain] DEBUG net.sf.ehcache.store.disk.DiskStorageFactory - Matching data file missing (or empty) for index file. Deleting index file /var/folders/nc/x7b4xvvx37579s0nkb8qblj00000gn/T/resource%0043ache.index
2022-02-13 18:35:56.200 [restartedMain] DEBUG net.sf.ehcache.store.disk.DiskStorageFactory - Failed to delete file resource%0043ache.index
2022-02-13 18:35:56.222 [restartedMain] DEBUG net.sf.ehcache.statistics.extended.ExtendedStatisticsImpl - Mocking Pass-Through Statistic: LOCAL_OFFHEAP_SIZE
2022-02-13 18:35:56.224 [restartedMain] DEBUG net.sf.ehcache.statistics.extended.ExtendedStatisticsImpl - Mocking Pass-Through Statistic: LOCAL_OFFHEAP_SIZE_BYTES
2022-02-13 18:35:56.225 [restartedMain] DEBUG net.sf.ehcache.statistics.extended.ExtendedStatisticsImpl - Mocking Pass-Through Statistic: WRITER_QUEUE_LENGTH
2022-02-13 18:35:56.225 [restartedMain] DEBUG net.sf.ehcache.statistics.extended.ExtendedStatisticsImpl - Mocking Pass-Through Statistic: REMOTE_SIZE
2022-02-13 18:35:56.225 [restartedMain] DEBUG net.sf.ehcache.statistics.extended.ExtendedStatisticsImpl - Mocking Pass-Through Statistic: LAST_REJOIN_TIMESTAMP
2022-02-13 18:35:56.231 [restartedMain] DEBUG net.sf.ehcache.statistics.extended.ExtendedStatisticsImpl - Mocking Operation Statistic: OFFHEAP_GET
2022-02-13 18:35:56.232 [restartedMain] DEBUG net.sf.ehcache.statistics.extended.ExtendedStatisticsImpl - Mocking Operation Statistic: OFFHEAP_PUT
2022-02-13 18:35:56.232 [restartedMain] DEBUG net.sf.ehcache.statistics.extended.ExtendedStatisticsImpl - Mocking Operation Statistic: OFFHEAP_REMOVE
2022-02-13 18:35:56.234 [restartedMain] DEBUG net.sf.ehcache.statistics.extended.ExtendedStatisticsImpl - Mocking Operation Statistic: XA_COMMIT
2022-02-13 18:35:56.234 [restartedMain] DEBUG net.sf.ehcache.statistics.extended.ExtendedStatisticsImpl - Mocking Operation Statistic: XA_ROLLBACK
2022-02-13 18:35:56.234 [restartedMain] DEBUG net.sf.ehcache.statistics.extended.ExtendedStatisticsImpl - Mocking Operation Statistic: XA_RECOVERY
2022-02-13 18:35:56.235 [restartedMain] DEBUG net.sf.ehcache.statistics.extended.ExtendedStatisticsImpl - Mocking Operation Statistic: CLUSTER_EVENT
2022-02-13 18:35:56.235 [restartedMain] DEBUG net.sf.ehcache.statistics.extended.ExtendedStatisticsImpl - Mocking Operation Statistic: NONSTOP
2022-02-13 18:35:56.240 [restartedMain] DEBUG net.sf.ehcache.Cache - Initialised cache: resourceCache
2022-02-13 18:35:56.240 [restartedMain] DEBUG net.sf.ehcache.config.ConfigurationHelper - CacheDecoratorFactory not configured. Skipping for 'resourceCache'.
2022-02-13 18:35:56.240 [restartedMain] DEBUG net.sf.ehcache.config.ConfigurationHelper - CacheDecoratorFactory not configured for defaultCache. Skipping for 'resourceCache'.
2022-02-13 18:35:56.604 [restartedMain] WARN  org.springframework.boot.autoconfigure.orm.jpa.JpaBaseConfiguration$JpaWebConfiguration$JpaWebMvcConfiguration - spring.jpa.open-in-view is enabled by default. Therefore, database queries may be performed during view rendering. Explicitly configure spring.jpa.open-in-view to disable this warning
2022-02-13 18:35:56.963 [restartedMain] INFO  org.apache.coyote.http11.Http11NioProtocol - Starting ProtocolHandler ["http-nio-80"]
2022-02-13 18:35:56.984 [restartedMain] INFO  net.sppan.base.Application - Started Application in 6.311 seconds (JVM running for 7.26)
2022-02-13 18:35:56.988 [restartedMain] DEBUG net.sppan.base.Application - 启动成功
2022-02-13 18:36:16.200 [http-nio-80-exec-1] INFO  org.apache.catalina.core.ContainerBase.[Tomcat].[localhost].[/] - Initializing Spring DispatcherServlet 'dispatcherServlet'
2022-02-13 18:36:16.375 [http-nio-80-exec-1] DEBUG org.hibernate.SQL - select user0_.id as id1_6_, user0_.address as address2_6_, user0_.birthday as birthday3_6_, user0_.create_time as create_t4_6_, user0_.delete_status as delete_s5_6_, user0_.description as descript6_6_, user0_.email as email7_6_, user0_.locked as locked8_6_, user0_.nick_name as nick_nam9_6_, user0_.password as passwor10_6_, user0_.sex as sex11_6_, user0_.telephone as telepho12_6_, user0_.update_time as update_13_6_, user0_.user_name as user_na14_6_ from tb_user user0_ where user0_.user_name=?
2022-02-13 18:36:16.390 [http-nio-80-exec-1] DEBUG org.hibernate.SQL - select roles0_.user_id as user_id1_7_0_, roles0_.role_id as role_id2_7_0_, role1_.id as id1_4_1_, role1_.create_time as create_t2_4_1_, role1_.description as descript3_4_1_, role1_.name as name4_4_1_, role1_.role_key as role_key5_4_1_, role1_.status as status6_4_1_, role1_.update_time as update_t7_4_1_ from tb_user_role roles0_ inner join tb_role role1_ on roles0_.role_id=role1_.id where roles0_.user_id=?
2022-02-13 18:36:16.395 [http-nio-80-exec-1] DEBUG org.hibernate.SQL - select resources0_.role_id as role_id1_5_0_, resources0_.resource_id as resource2_5_0_, resource1_.id as id1_3_1_, resource1_.create_time as create_t2_3_1_, resource1_.description as descript3_3_1_, resource1_.icon as icon4_3_1_, resource1_.is_hide as is_hide5_3_1_, resource1_.level as level6_3_1_, resource1_.name as name7_3_1_, resource1_.parent_id as parent_13_3_1_, resource1_.sort as sort8_3_1_, resource1_.source_key as source_k9_3_1_, resource1_.source_url as source_10_3_1_, resource1_.type as type11_3_1_, resource1_.update_time as update_12_3_1_ from tb_role_resource resources0_ inner join tb_resource resource1_ on resources0_.resource_id=resource1_.id where resources0_.role_id=?
2022-02-13 18:36:16.404 [http-nio-80-exec-1] DEBUG org.hibernate.SQL - select user0_.id as id1_6_, user0_.address as address2_6_, user0_.birthday as birthday3_6_, user0_.create_time as create_t4_6_, user0_.delete_status as delete_s5_6_, user0_.description as descript6_6_, user0_.email as email7_6_, user0_.locked as locked8_6_, user0_.nick_name as nick_nam9_6_, user0_.password as passwor10_6_, user0_.sex as sex11_6_, user0_.telephone as telepho12_6_, user0_.update_time as update_13_6_, user0_.user_name as user_na14_6_ from tb_user user0_ where user0_.user_name=?
2022-02-13 18:36:16.411 [http-nio-80-exec-1] DEBUG org.hibernate.SQL - select user0_.id as id1_6_, user0_.address as address2_6_, user0_.birthday as birthday3_6_, user0_.create_time as create_t4_6_, user0_.delete_status as delete_s5_6_, user0_.description as descript6_6_, user0_.email as email7_6_, user0_.locked as locked8_6_, user0_.nick_name as nick_nam9_6_, user0_.password as passwor10_6_, user0_.sex as sex11_6_, user0_.telephone as telepho12_6_, user0_.update_time as update_13_6_, user0_.user_name as user_na14_6_ from tb_user user0_ where user0_.user_name=?
2022-02-13 18:36:16.416 [http-nio-80-exec-1] DEBUG org.hibernate.SQL - select user0_.id as id1_6_, user0_.address as address2_6_, user0_.birthday as birthday3_6_, user0_.create_time as create_t4_6_, user0_.delete_status as delete_s5_6_, user0_.description as descript6_6_, user0_.email as email7_6_, user0_.locked as locked8_6_, user0_.nick_name as nick_nam9_6_, user0_.password as passwor10_6_, user0_.sex as sex11_6_, user0_.telephone as telepho12_6_, user0_.update_time as update_13_6_, user0_.user_name as user_na14_6_ from tb_user user0_ where user0_.user_name=?
2022-02-13 18:36:16.421 [http-nio-80-exec-1] DEBUG org.hibernate.SQL - select user0_.id as id1_6_, user0_.address as address2_6_, user0_.birthday as birthday3_6_, user0_.create_time as create_t4_6_, user0_.delete_status as delete_s5_6_, user0_.description as descript6_6_, user0_.email as email7_6_, user0_.locked as locked8_6_, user0_.nick_name as nick_nam9_6_, user0_.password as passwor10_6_, user0_.sex as sex11_6_, user0_.telephone as telepho12_6_, user0_.update_time as update_13_6_, user0_.user_name as user_na14_6_ from tb_user user0_ where user0_.user_name=?
2022-02-13 18:36:16.425 [http-nio-80-exec-1] DEBUG org.hibernate.SQL - select user0_.id as id1_6_, user0_.address as address2_6_, user0_.birthday as birthday3_6_, user0_.create_time as create_t4_6_, user0_.delete_status as delete_s5_6_, user0_.description as descript6_6_, user0_.email as email7_6_, user0_.locked as locked8_6_, user0_.nick_name as nick_nam9_6_, user0_.password as passwor10_6_, user0_.sex as sex11_6_, user0_.telephone as telepho12_6_, user0_.update_time as update_13_6_, user0_.user_name as user_na14_6_ from tb_user user0_ where user0_.user_name=?
2022-02-13 18:36:16.432 [http-nio-80-exec-1] DEBUG org.hibernate.SQL - select user0_.id as id1_6_, user0_.address as address2_6_, user0_.birthday as birthday3_6_, user0_.create_time as create_t4_6_, user0_.delete_status as delete_s5_6_, user0_.description as descript6_6_, user0_.email as email7_6_, user0_.locked as locked8_6_, user0_.nick_name as nick_nam9_6_, user0_.password as passwor10_6_, user0_.sex as sex11_6_, user0_.telephone as telepho12_6_, user0_.update_time as update_13_6_, user0_.user_name as user_na14_6_ from tb_user user0_ where user0_.user_name=?
2022-02-13 18:36:16.437 [http-nio-80-exec-1] DEBUG org.hibernate.SQL - select user0_.id as id1_6_, user0_.address as address2_6_, user0_.birthday as birthday3_6_, user0_.create_time as create_t4_6_, user0_.delete_status as delete_s5_6_, user0_.description as descript6_6_, user0_.email as email7_6_, user0_.locked as locked8_6_, user0_.nick_name as nick_nam9_6_, user0_.password as passwor10_6_, user0_.sex as sex11_6_, user0_.telephone as telepho12_6_, user0_.update_time as update_13_6_, user0_.user_name as user_na14_6_ from tb_user user0_ where user0_.user_name=?
2022-02-13 18:36:21.362 [http-nio-80-exec-9] DEBUG org.hibernate.SQL - select attackedms0_.id as id1_2_, attackedms0_.attack_time as attack_t2_2_, attackedms0_.attack_type as attack_t3_2_, attackedms0_.contract as contract4_2_, attackedms0_.description as descript5_2_, attackedms0_.ip_addr as ip_addr6_2_, attackedms0_.is_success as is_succe7_2_, attackedms0_.location as location8_2_, attackedms0_.port as port9_2_ from tb_honeyed attackedms0_ limit ?
2022-02-13 18:36:21.383 [http-nio-80-exec-9] DEBUG org.hibernate.SQL - select count(attackedms0_.id) as col_0_0_ from tb_honeyed attackedms0_
2022-02-13 18:36:39.994 [Thread-23] INFO  com.alibaba.druid.pool.DruidDataSource - {dataSource-1} closing ...
2022-02-13 18:36:40.008 [Thread-23] INFO  com.alibaba.druid.pool.DruidDataSource - {dataSource-1} closed
2022-02-13 18:36:44.830 [restartedMain] INFO  net.sppan.base.Application - Starting Application on leedeMacBook-Pro.local with PID 65636 (/Users/lee/Documents/GraduationProject/project/SPPanAdmin/target/classes started by lee in /Users/lee/Documents/GraduationProject/project/SPPanAdmin)
2022-02-13 18:36:44.833 [restartedMain] DEBUG net.sppan.base.Application - Running with Spring Boot v2.1.5.RELEASE, Spring v5.1.7.RELEASE
2022-02-13 18:36:44.835 [restartedMain] INFO  net.sppan.base.Application - No active profile set, falling back to default profiles: default
2022-02-13 18:36:46.931 [restartedMain] INFO  com.alibaba.druid.pool.DruidDataSource - {dataSource-1} inited
2022-02-13 18:36:48.636 [restartedMain] DEBUG org.hibernate.SQL - select resource0_.id as id1_3_, resource0_.create_time as create_t2_3_, resource0_.description as descript3_3_, resource0_.icon as icon4_3_, resource0_.is_hide as is_hide5_3_, resource0_.level as level6_3_, resource0_.name as name7_3_, resource0_.parent_id as parent_13_3_, resource0_.sort as sort8_3_, resource0_.source_key as source_k9_3_, resource0_.source_url as source_10_3_, resource0_.type as type11_3_, resource0_.update_time as update_12_3_ from tb_resource resource0_
2022-02-13 18:36:49.046 [restartedMain] INFO  org.apache.coyote.http11.Http11NioProtocol - Initializing ProtocolHandler ["http-nio-80"]
2022-02-13 18:36:49.054 [restartedMain] INFO  org.apache.catalina.core.StandardService - Starting service [Tomcat]
2022-02-13 18:36:49.054 [restartedMain] INFO  org.apache.catalina.core.StandardEngine - Starting Servlet engine: [Apache Tomcat/9.0.19]
2022-02-13 18:36:49.132 [restartedMain] INFO  org.apache.catalina.core.ContainerBase.[Tomcat].[localhost].[/] - Initializing Spring embedded WebApplicationContext
2022-02-13 18:36:50.055 [restartedMain] DEBUG net.sf.ehcache.config.ConfigurationFactory - Configuring ehcache from InputStream
2022-02-13 18:36:50.069 [restartedMain] DEBUG net.sf.ehcache.config.BeanHandler - Ignoring ehcache attribute xmlns:xsi
2022-02-13 18:36:50.069 [restartedMain] DEBUG net.sf.ehcache.config.BeanHandler - Ignoring ehcache attribute xsi:noNamespaceSchemaLocation
2022-02-13 18:36:50.071 [restartedMain] DEBUG net.sf.ehcache.config.DiskStoreConfiguration - Disk Store Path: /var/folders/nc/x7b4xvvx37579s0nkb8qblj00000gn/T/
2022-02-13 18:36:50.078 [restartedMain] DEBUG net.sf.ehcache.CacheManager - Creating new CacheManager with Configuration Object
2022-02-13 18:36:50.081 [restartedMain] DEBUG net.sf.ehcache.util.PropertyUtil - propertiesString is null.
2022-02-13 18:36:50.084 [restartedMain] DEBUG net.sf.ehcache.config.ConfigurationHelper - No CacheManagerEventListenerFactory class specified. Skipping...
2022-02-13 18:36:50.103 [restartedMain] DEBUG net.sf.ehcache.Cache - No BootstrapCacheLoaderFactory class specified. Skipping...
2022-02-13 18:36:50.104 [restartedMain] DEBUG net.sf.ehcache.Cache - CacheWriter factory not configured. Skipping...
2022-02-13 18:36:50.104 [restartedMain] DEBUG net.sf.ehcache.config.ConfigurationHelper - No CacheExceptionHandlerFactory class specified. Skipping...
2022-02-13 18:36:50.107 [restartedMain] DEBUG net.sf.ehcache.Cache - No BootstrapCacheLoaderFactory class specified. Skipping...
2022-02-13 18:36:50.107 [restartedMain] DEBUG net.sf.ehcache.Cache - CacheWriter factory not configured. Skipping...
2022-02-13 18:36:50.107 [restartedMain] DEBUG net.sf.ehcache.config.ConfigurationHelper - No CacheExceptionHandlerFactory class specified. Skipping...
2022-02-13 18:36:50.108 [restartedMain] WARN  net.sf.ehcache.config.CacheConfiguration - Configuration problem for cache resourceCache: MaxEntriesLocalHeap equal or greater than MaxEntriesLocalDisk. This will result in useless disk storage.
2022-02-13 18:36:50.114 [restartedMain] DEBUG net.sf.ehcache.DiskStorePathManager - Using diskstore path /var/folders/nc/x7b4xvvx37579s0nkb8qblj00000gn/T
2022-02-13 18:36:50.114 [restartedMain] DEBUG net.sf.ehcache.DiskStorePathManager - Holding exclusive lock on /var/folders/nc/x7b4xvvx37579s0nkb8qblj00000gn/T/.ehcache-diskstore.lock
2022-02-13 18:36:50.114 [restartedMain] DEBUG net.sf.ehcache.store.disk.DiskStorageFactory - Failed to delete file resource%0043ache.data
2022-02-13 18:36:50.114 [restartedMain] DEBUG net.sf.ehcache.store.disk.DiskStorageFactory - Failed to delete file resource%0043ache.index
2022-02-13 18:36:50.117 [restartedMain] DEBUG net.sf.ehcache.store.disk.DiskStorageFactory - Matching data file missing (or empty) for index file. Deleting index file /var/folders/nc/x7b4xvvx37579s0nkb8qblj00000gn/T/resource%0043ache.index
2022-02-13 18:36:50.117 [restartedMain] DEBUG net.sf.ehcache.store.disk.DiskStorageFactory - Failed to delete file resource%0043ache.index
2022-02-13 18:36:50.138 [restartedMain] DEBUG net.sf.ehcache.statistics.extended.ExtendedStatisticsImpl - Mocking Pass-Through Statistic: LOCAL_OFFHEAP_SIZE
2022-02-13 18:36:50.139 [restartedMain] DEBUG net.sf.ehcache.statistics.extended.ExtendedStatisticsImpl - Mocking Pass-Through Statistic: LOCAL_OFFHEAP_SIZE_BYTES
2022-02-13 18:36:50.140 [restartedMain] DEBUG net.sf.ehcache.statistics.extended.ExtendedStatisticsImpl - Mocking Pass-Through Statistic: WRITER_QUEUE_LENGTH
2022-02-13 18:36:50.140 [restartedMain] DEBUG net.sf.ehcache.statistics.extended.ExtendedStatisticsImpl - Mocking Pass-Through Statistic: REMOTE_SIZE
2022-02-13 18:36:50.140 [restartedMain] DEBUG net.sf.ehcache.statistics.extended.ExtendedStatisticsImpl - Mocking Pass-Through Statistic: LAST_REJOIN_TIMESTAMP
2022-02-13 18:36:50.146 [restartedMain] DEBUG net.sf.ehcache.statistics.extended.ExtendedStatisticsImpl - Mocking Operation Statistic: OFFHEAP_GET
2022-02-13 18:36:50.148 [restartedMain] DEBUG net.sf.ehcache.statistics.extended.ExtendedStatisticsImpl - Mocking Operation Statistic: OFFHEAP_PUT
2022-02-13 18:36:50.148 [restartedMain] DEBUG net.sf.ehcache.statistics.extended.ExtendedStatisticsImpl - Mocking Operation Statistic: OFFHEAP_REMOVE
2022-02-13 18:36:50.150 [restartedMain] DEBUG net.sf.ehcache.statistics.extended.ExtendedStatisticsImpl - Mocking Operation Statistic: XA_COMMIT
2022-02-13 18:36:50.151 [restartedMain] DEBUG net.sf.ehcache.statistics.extended.ExtendedStatisticsImpl - Mocking Operation Statistic: XA_ROLLBACK
2022-02-13 18:36:50.151 [restartedMain] DEBUG net.sf.ehcache.statistics.extended.ExtendedStatisticsImpl - Mocking Operation Statistic: XA_RECOVERY
2022-02-13 18:36:50.152 [restartedMain] DEBUG net.sf.ehcache.statistics.extended.ExtendedStatisticsImpl - Mocking Operation Statistic: CLUSTER_EVENT
2022-02-13 18:36:50.152 [restartedMain] DEBUG net.sf.ehcache.statistics.extended.ExtendedStatisticsImpl - Mocking Operation Statistic: NONSTOP
2022-02-13 18:36:50.156 [restartedMain] DEBUG net.sf.ehcache.Cache - Initialised cache: resourceCache
2022-02-13 18:36:50.156 [restartedMain] DEBUG net.sf.ehcache.config.ConfigurationHelper - CacheDecoratorFactory not configured. Skipping for 'resourceCache'.
2022-02-13 18:36:50.156 [restartedMain] DEBUG net.sf.ehcache.config.ConfigurationHelper - CacheDecoratorFactory not configured for defaultCache. Skipping for 'resourceCache'.
2022-02-13 18:36:50.511 [restartedMain] WARN  org.springframework.boot.autoconfigure.orm.jpa.JpaBaseConfiguration$JpaWebConfiguration$JpaWebMvcConfiguration - spring.jpa.open-in-view is enabled by default. Therefore, database queries may be performed during view rendering. Explicitly configure spring.jpa.open-in-view to disable this warning
2022-02-13 18:36:50.895 [restartedMain] INFO  org.apache.coyote.http11.Http11NioProtocol - Starting ProtocolHandler ["http-nio-80"]
2022-02-13 18:36:50.922 [restartedMain] INFO  net.sppan.base.Application - Started Application in 6.413 seconds (JVM running for 7.168)
2022-02-13 18:36:50.926 [restartedMain] DEBUG net.sppan.base.Application - 启动成功
2022-02-13 18:39:11.925 [Thread-23] INFO  com.alibaba.druid.pool.DruidDataSource - {dataSource-1} closing ...
2022-02-13 18:39:11.931 [Thread-23] INFO  com.alibaba.druid.pool.DruidDataSource - {dataSource-1} closed
