2022-01-06 20:27:57.815 [restartedMain] INFO  net.sppan.base.Application - Starting Application on leedeMacBook-Pro.local with PID 9106 (/Users/lee/Documents/GraduationProject/project/SPPanAdmin/target/classes started by lee in /Users/lee/Documents/GraduationProject/project/SPPanAdmin)
2022-01-06 20:27:57.819 [restartedMain] DEBUG net.sppan.base.Application - Running with Spring Boot v2.1.5.RELEASE, Spring v5.1.7.RELEASE
2022-01-06 20:27:57.819 [restartedMain] INFO  net.sppan.base.Application - No active profile set, falling back to default profiles: default
2022-01-06 20:28:00.281 [restartedMain] INFO  com.alibaba.druid.pool.DruidDataSource - {dataSource-1} inited
2022-01-06 20:28:02.160 [restartedMain] DEBUG org.hibernate.SQL - select resource0_.deviceId as id1_1_, resource0_.create_time as create_t2_1_, resource0_.description as descript3_1_, resource0_.icon as icon4_1_, resource0_.is_hide as is_hide5_1_, resource0_.level as level6_1_, resource0_.name as name7_1_, resource0_.parent_id as parent_13_1_, resource0_.sort as sort8_1_, resource0_.source_key as source_k9_1_, resource0_.source_url as source_10_1_, resource0_.type as type11_1_, resource0_.update_time as update_12_1_ from tb_resource resource0_
2022-01-06 20:28:02.593 [restartedMain] INFO  org.apache.coyote.http11.Http11NioProtocol - Initializing ProtocolHandler ["http-nio-80"]
2022-01-06 20:28:02.601 [restartedMain] INFO  org.apache.catalina.core.StandardService - Starting service [Tomcat]
2022-01-06 20:28:02.602 [restartedMain] INFO  org.apache.catalina.core.StandardEngine - Starting Servlet engine: [Apache Tomcat/9.0.19]
2022-01-06 20:28:02.684 [restartedMain] INFO  org.apache.catalina.core.ContainerBase.[Tomcat].[localhost].[/] - Initializing Spring embedded WebApplicationContext
2022-01-06 20:28:03.101 [restartedMain] DEBUG net.sf.ehcache.config.ConfigurationFactory - Configuring ehcache from InputStream
2022-01-06 20:28:03.111 [restartedMain] DEBUG net.sf.ehcache.config.BeanHandler - Ignoring ehcache attribute xmlns:xsi
2022-01-06 20:28:03.111 [restartedMain] DEBUG net.sf.ehcache.config.BeanHandler - Ignoring ehcache attribute xsi:noNamespaceSchemaLocation
2022-01-06 20:28:03.112 [restartedMain] DEBUG net.sf.ehcache.config.DiskStoreConfiguration - Disk Store Path: /var/folders/nc/x7b4xvvx37579s0nkb8qblj00000gn/T/
2022-01-06 20:28:03.119 [restartedMain] DEBUG net.sf.ehcache.CacheManager - Creating new CacheManager with Configuration Object
2022-01-06 20:28:03.123 [restartedMain] DEBUG net.sf.ehcache.util.PropertyUtil - propertiesString is null.
2022-01-06 20:28:03.126 [restartedMain] DEBUG net.sf.ehcache.config.ConfigurationHelper - No CacheManagerEventListenerFactory class specified. Skipping...
2022-01-06 20:28:03.302 [restartedMain] DEBUG net.sf.ehcache.Cache - No BootstrapCacheLoaderFactory class specified. Skipping...
2022-01-06 20:28:03.303 [restartedMain] DEBUG net.sf.ehcache.Cache - CacheWriter factory not configured. Skipping...
2022-01-06 20:28:03.303 [restartedMain] DEBUG net.sf.ehcache.config.ConfigurationHelper - No CacheExceptionHandlerFactory class specified. Skipping...
2022-01-06 20:28:03.312 [restartedMain] DEBUG net.sf.ehcache.Cache - No BootstrapCacheLoaderFactory class specified. Skipping...
2022-01-06 20:28:03.312 [restartedMain] DEBUG net.sf.ehcache.Cache - CacheWriter factory not configured. Skipping...
2022-01-06 20:28:03.313 [restartedMain] DEBUG net.sf.ehcache.config.ConfigurationHelper - No CacheExceptionHandlerFactory class specified. Skipping...
2022-01-06 20:28:03.313 [restartedMain] WARN  net.sf.ehcache.config.CacheConfiguration - Configuration problem for cache resourceCache: MaxEntriesLocalHeap equal or greater than MaxEntriesLocalDisk. This will result in useless disk storage.
2022-01-06 20:28:03.324 [restartedMain] DEBUG net.sf.ehcache.DiskStorePathManager - Using diskstore path /var/folders/nc/x7b4xvvx37579s0nkb8qblj00000gn/T
2022-01-06 20:28:03.324 [restartedMain] DEBUG net.sf.ehcache.DiskStorePathManager - Holding exclusive lock on /var/folders/nc/x7b4xvvx37579s0nkb8qblj00000gn/T/.ehcache-diskstore.lock
2022-01-06 20:28:03.324 [restartedMain] DEBUG net.sf.ehcache.store.disk.DiskStorageFactory - Failed to delete file resource%0043ache.data
2022-01-06 20:28:03.325 [restartedMain] DEBUG net.sf.ehcache.store.disk.DiskStorageFactory - Failed to delete file resource%0043ache.index
2022-01-06 20:28:03.328 [restartedMain] DEBUG net.sf.ehcache.store.disk.DiskStorageFactory - Matching data file missing (or empty) for index file. Deleting index file /var/folders/nc/x7b4xvvx37579s0nkb8qblj00000gn/T/resource%0043ache.index
2022-01-06 20:28:03.328 [restartedMain] DEBUG net.sf.ehcache.store.disk.DiskStorageFactory - Failed to delete file resource%0043ache.index
2022-01-06 20:28:03.361 [restartedMain] DEBUG net.sf.ehcache.statistics.extended.ExtendedStatisticsImpl - Mocking Pass-Through Statistic: LOCAL_OFFHEAP_SIZE
2022-01-06 20:28:03.364 [restartedMain] DEBUG net.sf.ehcache.statistics.extended.ExtendedStatisticsImpl - Mocking Pass-Through Statistic: LOCAL_OFFHEAP_SIZE_BYTES
2022-01-06 20:28:03.364 [restartedMain] DEBUG net.sf.ehcache.statistics.extended.ExtendedStatisticsImpl - Mocking Pass-Through Statistic: WRITER_QUEUE_LENGTH
2022-01-06 20:28:03.364 [restartedMain] DEBUG net.sf.ehcache.statistics.extended.ExtendedStatisticsImpl - Mocking Pass-Through Statistic: REMOTE_SIZE
2022-01-06 20:28:03.365 [restartedMain] DEBUG net.sf.ehcache.statistics.extended.ExtendedStatisticsImpl - Mocking Pass-Through Statistic: LAST_REJOIN_TIMESTAMP
2022-01-06 20:28:03.371 [restartedMain] DEBUG net.sf.ehcache.statistics.extended.ExtendedStatisticsImpl - Mocking Operation Statistic: OFFHEAP_GET
2022-01-06 20:28:03.372 [restartedMain] DEBUG net.sf.ehcache.statistics.extended.ExtendedStatisticsImpl - Mocking Operation Statistic: OFFHEAP_PUT
2022-01-06 20:28:03.372 [restartedMain] DEBUG net.sf.ehcache.statistics.extended.ExtendedStatisticsImpl - Mocking Operation Statistic: OFFHEAP_REMOVE
2022-01-06 20:28:03.374 [restartedMain] DEBUG net.sf.ehcache.statistics.extended.ExtendedStatisticsImpl - Mocking Operation Statistic: XA_COMMIT
2022-01-06 20:28:03.375 [restartedMain] DEBUG net.sf.ehcache.statistics.extended.ExtendedStatisticsImpl - Mocking Operation Statistic: XA_ROLLBACK
2022-01-06 20:28:03.375 [restartedMain] DEBUG net.sf.ehcache.statistics.extended.ExtendedStatisticsImpl - Mocking Operation Statistic: XA_RECOVERY
2022-01-06 20:28:03.375 [restartedMain] DEBUG net.sf.ehcache.statistics.extended.ExtendedStatisticsImpl - Mocking Operation Statistic: CLUSTER_EVENT
2022-01-06 20:28:03.376 [restartedMain] DEBUG net.sf.ehcache.statistics.extended.ExtendedStatisticsImpl - Mocking Operation Statistic: NONSTOP
2022-01-06 20:28:03.381 [restartedMain] DEBUG net.sf.ehcache.Cache - Initialised cache: resourceCache
2022-01-06 20:28:03.381 [restartedMain] DEBUG net.sf.ehcache.config.ConfigurationHelper - CacheDecoratorFactory not configured. Skipping for 'resourceCache'.
2022-01-06 20:28:03.381 [restartedMain] DEBUG net.sf.ehcache.config.ConfigurationHelper - CacheDecoratorFactory not configured for defaultCache. Skipping for 'resourceCache'.
2022-01-06 20:28:03.818 [restartedMain] WARN  org.springframework.boot.autoconfigure.orm.jpa.JpaBaseConfiguration$JpaWebConfiguration$JpaWebMvcConfiguration - spring.jpa.open-in-view is enabled by default. Therefore, database queries may be performed during view rendering. Explicitly configure spring.jpa.open-in-view to disable this warning
2022-01-06 20:28:04.180 [restartedMain] INFO  org.apache.coyote.http11.Http11NioProtocol - Starting ProtocolHandler ["http-nio-80"]
2022-01-06 20:28:04.205 [restartedMain] INFO  net.sppan.base.Application - Started Application in 6.932 seconds (JVM running for 8.039)
2022-01-06 20:28:04.208 [restartedMain] DEBUG net.sppan.base.Application - 启动成功
2022-01-06 20:28:15.578 [http-nio-80-exec-1] INFO  org.apache.catalina.core.ContainerBase.[Tomcat].[localhost].[/] - Initializing Spring DispatcherServlet 'dispatcherServlet'
2022-01-06 20:28:21.599 [http-nio-80-exec-2] DEBUG org.hibernate.SQL - select user0_.deviceId as id1_4_, user0_.address as address2_4_, user0_.birthday as birthday3_4_, user0_.create_time as create_t4_4_, user0_.delete_status as delete_s5_4_, user0_.description as descript6_4_, user0_.email as email7_4_, user0_.locked as locked8_4_, user0_.nick_name as nick_nam9_4_, user0_.password as passwor10_4_, user0_.sex as sex11_4_, user0_.telephone as telepho12_4_, user0_.update_time as update_13_4_, user0_.user_name as user_na14_4_ from tb_user user0_ where user0_.user_name=?
2022-01-06 20:28:21.676 [http-nio-80-exec-5] DEBUG org.hibernate.SQL - select user0_.deviceId as id1_4_, user0_.address as address2_4_, user0_.birthday as birthday3_4_, user0_.create_time as create_t4_4_, user0_.delete_status as delete_s5_4_, user0_.description as descript6_4_, user0_.email as email7_4_, user0_.locked as locked8_4_, user0_.nick_name as nick_nam9_4_, user0_.password as passwor10_4_, user0_.sex as sex11_4_, user0_.telephone as telepho12_4_, user0_.update_time as update_13_4_, user0_.user_name as user_na14_4_ from tb_user user0_ where user0_.user_name=?
2022-01-06 20:28:21.680 [http-nio-80-exec-5] DEBUG org.hibernate.SQL - select roles0_.user_id as user_id1_5_0_, roles0_.role_id as role_id2_5_0_, role1_.deviceId as id1_2_1_, role1_.create_time as create_t2_2_1_, role1_.description as descript3_2_1_, role1_.name as name4_2_1_, role1_.role_key as role_key5_2_1_, role1_.status as status6_2_1_, role1_.update_time as update_t7_2_1_ from tb_user_role roles0_ inner join tb_role role1_ on roles0_.role_id=role1_.deviceId where roles0_.user_id=?
2022-01-06 20:28:21.693 [http-nio-80-exec-5] DEBUG org.hibernate.SQL - select resources0_.role_id as role_id1_3_0_, resources0_.resource_id as resource2_3_0_, resource1_.deviceId as id1_1_1_, resource1_.create_time as create_t2_1_1_, resource1_.description as descript3_1_1_, resource1_.icon as icon4_1_1_, resource1_.is_hide as is_hide5_1_1_, resource1_.level as level6_1_1_, resource1_.name as name7_1_1_, resource1_.parent_id as parent_13_1_1_, resource1_.sort as sort8_1_1_, resource1_.source_key as source_k9_1_1_, resource1_.source_url as source_10_1_1_, resource1_.type as type11_1_1_, resource1_.update_time as update_12_1_1_ from tb_role_resource resources0_ inner join tb_resource resource1_ on resources0_.resource_id=resource1_.deviceId where resources0_.role_id=?
2022-01-06 20:28:21.710 [http-nio-80-exec-5] DEBUG org.hibernate.SQL - select user0_.deviceId as id1_4_, user0_.address as address2_4_, user0_.birthday as birthday3_4_, user0_.create_time as create_t4_4_, user0_.delete_status as delete_s5_4_, user0_.description as descript6_4_, user0_.email as email7_4_, user0_.locked as locked8_4_, user0_.nick_name as nick_nam9_4_, user0_.password as passwor10_4_, user0_.sex as sex11_4_, user0_.telephone as telepho12_4_, user0_.update_time as update_13_4_, user0_.user_name as user_na14_4_ from tb_user user0_ where user0_.user_name=?
2022-01-06 20:28:21.716 [http-nio-80-exec-5] DEBUG org.hibernate.SQL - select user0_.deviceId as id1_4_, user0_.address as address2_4_, user0_.birthday as birthday3_4_, user0_.create_time as create_t4_4_, user0_.delete_status as delete_s5_4_, user0_.description as descript6_4_, user0_.email as email7_4_, user0_.locked as locked8_4_, user0_.nick_name as nick_nam9_4_, user0_.password as passwor10_4_, user0_.sex as sex11_4_, user0_.telephone as telepho12_4_, user0_.update_time as update_13_4_, user0_.user_name as user_na14_4_ from tb_user user0_ where user0_.user_name=?
2022-01-06 20:28:21.720 [http-nio-80-exec-5] DEBUG org.hibernate.SQL - select user0_.deviceId as id1_4_, user0_.address as address2_4_, user0_.birthday as birthday3_4_, user0_.create_time as create_t4_4_, user0_.delete_status as delete_s5_4_, user0_.description as descript6_4_, user0_.email as email7_4_, user0_.locked as locked8_4_, user0_.nick_name as nick_nam9_4_, user0_.password as passwor10_4_, user0_.sex as sex11_4_, user0_.telephone as telepho12_4_, user0_.update_time as update_13_4_, user0_.user_name as user_na14_4_ from tb_user user0_ where user0_.user_name=?
2022-01-06 20:28:21.725 [http-nio-80-exec-5] DEBUG org.hibernate.SQL - select user0_.deviceId as id1_4_, user0_.address as address2_4_, user0_.birthday as birthday3_4_, user0_.create_time as create_t4_4_, user0_.delete_status as delete_s5_4_, user0_.description as descript6_4_, user0_.email as email7_4_, user0_.locked as locked8_4_, user0_.nick_name as nick_nam9_4_, user0_.password as passwor10_4_, user0_.sex as sex11_4_, user0_.telephone as telepho12_4_, user0_.update_time as update_13_4_, user0_.user_name as user_na14_4_ from tb_user user0_ where user0_.user_name=?
2022-01-06 20:28:21.729 [http-nio-80-exec-5] DEBUG org.hibernate.SQL - select user0_.deviceId as id1_4_, user0_.address as address2_4_, user0_.birthday as birthday3_4_, user0_.create_time as create_t4_4_, user0_.delete_status as delete_s5_4_, user0_.description as descript6_4_, user0_.email as email7_4_, user0_.locked as locked8_4_, user0_.nick_name as nick_nam9_4_, user0_.password as passwor10_4_, user0_.sex as sex11_4_, user0_.telephone as telepho12_4_, user0_.update_time as update_13_4_, user0_.user_name as user_na14_4_ from tb_user user0_ where user0_.user_name=?
2022-01-06 21:19:12.161 [http-nio-80-exec-9] DEBUG org.hibernate.SQL - select user0_.deviceId as id1_4_, user0_.address as address2_4_, user0_.birthday as birthday3_4_, user0_.create_time as create_t4_4_, user0_.delete_status as delete_s5_4_, user0_.description as descript6_4_, user0_.email as email7_4_, user0_.locked as locked8_4_, user0_.nick_name as nick_nam9_4_, user0_.password as passwor10_4_, user0_.sex as sex11_4_, user0_.telephone as telepho12_4_, user0_.update_time as update_13_4_, user0_.user_name as user_na14_4_ from tb_user user0_ where user0_.user_name=?
2022-01-06 21:19:12.193 [http-nio-80-exec-3] DEBUG org.hibernate.SQL - select user0_.deviceId as id1_4_, user0_.address as address2_4_, user0_.birthday as birthday3_4_, user0_.create_time as create_t4_4_, user0_.delete_status as delete_s5_4_, user0_.description as descript6_4_, user0_.email as email7_4_, user0_.locked as locked8_4_, user0_.nick_name as nick_nam9_4_, user0_.password as passwor10_4_, user0_.sex as sex11_4_, user0_.telephone as telepho12_4_, user0_.update_time as update_13_4_, user0_.user_name as user_na14_4_ from tb_user user0_ where user0_.user_name=?
2022-01-06 21:19:12.202 [http-nio-80-exec-3] DEBUG org.hibernate.SQL - select roles0_.user_id as user_id1_5_0_, roles0_.role_id as role_id2_5_0_, role1_.deviceId as id1_2_1_, role1_.create_time as create_t2_2_1_, role1_.description as descript3_2_1_, role1_.name as name4_2_1_, role1_.role_key as role_key5_2_1_, role1_.status as status6_2_1_, role1_.update_time as update_t7_2_1_ from tb_user_role roles0_ inner join tb_role role1_ on roles0_.role_id=role1_.deviceId where roles0_.user_id=?
2022-01-06 21:19:12.205 [http-nio-80-exec-3] DEBUG org.hibernate.SQL - select resources0_.role_id as role_id1_3_0_, resources0_.resource_id as resource2_3_0_, resource1_.deviceId as id1_1_1_, resource1_.create_time as create_t2_1_1_, resource1_.description as descript3_1_1_, resource1_.icon as icon4_1_1_, resource1_.is_hide as is_hide5_1_1_, resource1_.level as level6_1_1_, resource1_.name as name7_1_1_, resource1_.parent_id as parent_13_1_1_, resource1_.sort as sort8_1_1_, resource1_.source_key as source_k9_1_1_, resource1_.source_url as source_10_1_1_, resource1_.type as type11_1_1_, resource1_.update_time as update_12_1_1_ from tb_role_resource resources0_ inner join tb_resource resource1_ on resources0_.resource_id=resource1_.deviceId where resources0_.role_id=?
2022-01-06 21:19:12.215 [http-nio-80-exec-3] DEBUG org.hibernate.SQL - select user0_.deviceId as id1_4_, user0_.address as address2_4_, user0_.birthday as birthday3_4_, user0_.create_time as create_t4_4_, user0_.delete_status as delete_s5_4_, user0_.description as descript6_4_, user0_.email as email7_4_, user0_.locked as locked8_4_, user0_.nick_name as nick_nam9_4_, user0_.password as passwor10_4_, user0_.sex as sex11_4_, user0_.telephone as telepho12_4_, user0_.update_time as update_13_4_, user0_.user_name as user_na14_4_ from tb_user user0_ where user0_.user_name=?
2022-01-06 21:19:12.223 [http-nio-80-exec-3] DEBUG org.hibernate.SQL - select user0_.deviceId as id1_4_, user0_.address as address2_4_, user0_.birthday as birthday3_4_, user0_.create_time as create_t4_4_, user0_.delete_status as delete_s5_4_, user0_.description as descript6_4_, user0_.email as email7_4_, user0_.locked as locked8_4_, user0_.nick_name as nick_nam9_4_, user0_.password as passwor10_4_, user0_.sex as sex11_4_, user0_.telephone as telepho12_4_, user0_.update_time as update_13_4_, user0_.user_name as user_na14_4_ from tb_user user0_ where user0_.user_name=?
2022-01-06 21:19:12.226 [http-nio-80-exec-3] DEBUG org.hibernate.SQL - select user0_.deviceId as id1_4_, user0_.address as address2_4_, user0_.birthday as birthday3_4_, user0_.create_time as create_t4_4_, user0_.delete_status as delete_s5_4_, user0_.description as descript6_4_, user0_.email as email7_4_, user0_.locked as locked8_4_, user0_.nick_name as nick_nam9_4_, user0_.password as passwor10_4_, user0_.sex as sex11_4_, user0_.telephone as telepho12_4_, user0_.update_time as update_13_4_, user0_.user_name as user_na14_4_ from tb_user user0_ where user0_.user_name=?
2022-01-06 21:19:12.235 [http-nio-80-exec-3] DEBUG org.hibernate.SQL - select user0_.deviceId as id1_4_, user0_.address as address2_4_, user0_.birthday as birthday3_4_, user0_.create_time as create_t4_4_, user0_.delete_status as delete_s5_4_, user0_.description as descript6_4_, user0_.email as email7_4_, user0_.locked as locked8_4_, user0_.nick_name as nick_nam9_4_, user0_.password as passwor10_4_, user0_.sex as sex11_4_, user0_.telephone as telepho12_4_, user0_.update_time as update_13_4_, user0_.user_name as user_na14_4_ from tb_user user0_ where user0_.user_name=?
2022-01-06 21:19:12.239 [http-nio-80-exec-3] DEBUG org.hibernate.SQL - select user0_.deviceId as id1_4_, user0_.address as address2_4_, user0_.birthday as birthday3_4_, user0_.create_time as create_t4_4_, user0_.delete_status as delete_s5_4_, user0_.description as descript6_4_, user0_.email as email7_4_, user0_.locked as locked8_4_, user0_.nick_name as nick_nam9_4_, user0_.password as passwor10_4_, user0_.sex as sex11_4_, user0_.telephone as telepho12_4_, user0_.update_time as update_13_4_, user0_.user_name as user_na14_4_ from tb_user user0_ where user0_.user_name=?
2022-01-06 21:20:17.252 [http-nio-80-exec-4] WARN  com.alibaba.druid.pool.DruidAbstractDataSource - discard long time none received connection. , jdbcUrl : jdbc:mysql://localhost:3306/data?useSSL=false&useUnicode=true&cahracterEncoding=utf-8&serverTimezone=GMT%2B8, version : 1.2.8, lastPacketReceivedIdleMillis : 65002
2022-01-06 21:20:17.254 [http-nio-80-exec-4] DEBUG com.alibaba.druid.pool.DruidDataSource - skip not validate connection.
2022-01-06 21:20:17.288 [http-nio-80-exec-4] DEBUG org.hibernate.SQL - select attackedms0_.deviceId as id1_0_, attackedms0_.attack_time as attack_t2_0_, attackedms0_.attack_type as attack_t3_0_, attackedms0_.contract as contract4_0_, attackedms0_.description as descript5_0_, attackedms0_.ip_addr as ip_addr6_0_, attackedms0_.is_success as is_succe7_0_, attackedms0_.location as location8_0_, attackedms0_.port as port9_0_ from tb_honeyed attackedms0_ limit ?
2022-01-06 21:20:17.316 [http-nio-80-exec-4] DEBUG org.hibernate.SQL - select count(attackedms0_.deviceId) as col_0_0_ from tb_honeyed attackedms0_
2022-01-06 21:21:21.570 [http-nio-80-exec-5] WARN  com.alibaba.druid.pool.DruidAbstractDataSource - discard long time none received connection. , jdbcUrl : jdbc:mysql://localhost:3306/data?useSSL=false&useUnicode=true&cahracterEncoding=utf-8&serverTimezone=GMT%2B8, version : 1.2.8, lastPacketReceivedIdleMillis : 64243
2022-01-06 21:21:21.571 [http-nio-80-exec-5] DEBUG com.alibaba.druid.pool.DruidDataSource - skip not validate connection.
2022-01-06 21:21:21.581 [http-nio-80-exec-5] DEBUG org.hibernate.SQL - select attackedms0_.deviceId as id1_0_, attackedms0_.attack_time as attack_t2_0_, attackedms0_.attack_type as attack_t3_0_, attackedms0_.contract as contract4_0_, attackedms0_.description as descript5_0_, attackedms0_.ip_addr as ip_addr6_0_, attackedms0_.is_success as is_succe7_0_, attackedms0_.location as location8_0_, attackedms0_.port as port9_0_ from tb_honeyed attackedms0_ limit ?
2022-01-06 21:21:21.585 [http-nio-80-exec-5] DEBUG org.hibernate.SQL - select count(attackedms0_.deviceId) as col_0_0_ from tb_honeyed attackedms0_
2022-01-06 21:21:22.222 [http-nio-80-exec-8] DEBUG org.hibernate.SQL - select attackedms0_.deviceId as id1_0_, attackedms0_.attack_time as attack_t2_0_, attackedms0_.attack_type as attack_t3_0_, attackedms0_.contract as contract4_0_, attackedms0_.description as descript5_0_, attackedms0_.ip_addr as ip_addr6_0_, attackedms0_.is_success as is_succe7_0_, attackedms0_.location as location8_0_, attackedms0_.port as port9_0_ from tb_honeyed attackedms0_ limit ?
2022-01-06 21:21:22.229 [http-nio-80-exec-8] DEBUG org.hibernate.SQL - select count(attackedms0_.deviceId) as col_0_0_ from tb_honeyed attackedms0_
2022-01-06 21:21:24.328 [http-nio-80-exec-1] DEBUG org.hibernate.SQL - select attackedms0_.deviceId as id1_0_, attackedms0_.attack_time as attack_t2_0_, attackedms0_.attack_type as attack_t3_0_, attackedms0_.contract as contract4_0_, attackedms0_.description as descript5_0_, attackedms0_.ip_addr as ip_addr6_0_, attackedms0_.is_success as is_succe7_0_, attackedms0_.location as location8_0_, attackedms0_.port as port9_0_ from tb_honeyed attackedms0_ limit ?
2022-01-06 21:21:24.331 [http-nio-80-exec-1] DEBUG org.hibernate.SQL - select count(attackedms0_.deviceId) as col_0_0_ from tb_honeyed attackedms0_
2022-01-06 21:21:26.264 [http-nio-80-exec-5] DEBUG org.hibernate.SQL - select attackedms0_.deviceId as id1_0_, attackedms0_.attack_time as attack_t2_0_, attackedms0_.attack_type as attack_t3_0_, attackedms0_.contract as contract4_0_, attackedms0_.description as descript5_0_, attackedms0_.ip_addr as ip_addr6_0_, attackedms0_.is_success as is_succe7_0_, attackedms0_.location as location8_0_, attackedms0_.port as port9_0_ from tb_honeyed attackedms0_ limit ?
2022-01-06 21:21:26.270 [http-nio-80-exec-5] DEBUG org.hibernate.SQL - select count(attackedms0_.deviceId) as col_0_0_ from tb_honeyed attackedms0_
2022-01-06 21:21:26.831 [http-nio-80-exec-9] DEBUG org.hibernate.SQL - select attackedms0_.deviceId as id1_0_, attackedms0_.attack_time as attack_t2_0_, attackedms0_.attack_type as attack_t3_0_, attackedms0_.contract as contract4_0_, attackedms0_.description as descript5_0_, attackedms0_.ip_addr as ip_addr6_0_, attackedms0_.is_success as is_succe7_0_, attackedms0_.location as location8_0_, attackedms0_.port as port9_0_ from tb_honeyed attackedms0_ limit ?
2022-01-06 21:21:26.839 [http-nio-80-exec-9] DEBUG org.hibernate.SQL - select count(attackedms0_.deviceId) as col_0_0_ from tb_honeyed attackedms0_
2022-01-06 21:21:27.806 [http-nio-80-exec-4] DEBUG org.hibernate.SQL - select attackedms0_.deviceId as id1_0_, attackedms0_.attack_time as attack_t2_0_, attackedms0_.attack_type as attack_t3_0_, attackedms0_.contract as contract4_0_, attackedms0_.description as descript5_0_, attackedms0_.ip_addr as ip_addr6_0_, attackedms0_.is_success as is_succe7_0_, attackedms0_.location as location8_0_, attackedms0_.port as port9_0_ from tb_honeyed attackedms0_ limit ?
2022-01-06 21:21:27.808 [http-nio-80-exec-4] DEBUG org.hibernate.SQL - select count(attackedms0_.deviceId) as col_0_0_ from tb_honeyed attackedms0_
2022-01-06 21:21:39.910 [http-nio-80-exec-4] DEBUG org.hibernate.SQL - select attackedms0_.deviceId as id1_0_, attackedms0_.attack_time as attack_t2_0_, attackedms0_.attack_type as attack_t3_0_, attackedms0_.contract as contract4_0_, attackedms0_.description as descript5_0_, attackedms0_.ip_addr as ip_addr6_0_, attackedms0_.is_success as is_succe7_0_, attackedms0_.location as location8_0_, attackedms0_.port as port9_0_ from tb_honeyed attackedms0_ limit ?
2022-01-06 21:21:39.914 [http-nio-80-exec-4] DEBUG org.hibernate.SQL - select count(attackedms0_.deviceId) as col_0_0_ from tb_honeyed attackedms0_
2022-01-06 21:21:41.821 [http-nio-80-exec-9] DEBUG org.hibernate.SQL - select attackedms0_.deviceId as id1_0_, attackedms0_.attack_time as attack_t2_0_, attackedms0_.attack_type as attack_t3_0_, attackedms0_.contract as contract4_0_, attackedms0_.description as descript5_0_, attackedms0_.ip_addr as ip_addr6_0_, attackedms0_.is_success as is_succe7_0_, attackedms0_.location as location8_0_, attackedms0_.port as port9_0_ from tb_honeyed attackedms0_ limit ?
2022-01-06 21:21:41.824 [http-nio-80-exec-9] DEBUG org.hibernate.SQL - select count(attackedms0_.deviceId) as col_0_0_ from tb_honeyed attackedms0_
2022-01-06 21:21:43.403 [http-nio-80-exec-9] DEBUG org.hibernate.SQL - select attackedms0_.deviceId as id1_0_, attackedms0_.attack_time as attack_t2_0_, attackedms0_.attack_type as attack_t3_0_, attackedms0_.contract as contract4_0_, attackedms0_.description as descript5_0_, attackedms0_.ip_addr as ip_addr6_0_, attackedms0_.is_success as is_succe7_0_, attackedms0_.location as location8_0_, attackedms0_.port as port9_0_ from tb_honeyed attackedms0_ limit ?
2022-01-06 21:21:43.407 [http-nio-80-exec-9] DEBUG org.hibernate.SQL - select count(attackedms0_.deviceId) as col_0_0_ from tb_honeyed attackedms0_
2022-01-06 21:21:44.610 [http-nio-80-exec-8] DEBUG org.hibernate.SQL - select attackedms0_.deviceId as id1_0_, attackedms0_.attack_time as attack_t2_0_, attackedms0_.attack_type as attack_t3_0_, attackedms0_.contract as contract4_0_, attackedms0_.description as descript5_0_, attackedms0_.ip_addr as ip_addr6_0_, attackedms0_.is_success as is_succe7_0_, attackedms0_.location as location8_0_, attackedms0_.port as port9_0_ from tb_honeyed attackedms0_ limit ?
2022-01-06 21:21:44.613 [http-nio-80-exec-8] DEBUG org.hibernate.SQL - select count(attackedms0_.deviceId) as col_0_0_ from tb_honeyed attackedms0_
2022-01-06 21:24:54.129 [http-nio-80-exec-9] WARN  com.alibaba.druid.pool.DruidAbstractDataSource - discard long time none received connection. , jdbcUrl : jdbc:mysql://localhost:3306/data?useSSL=false&useUnicode=true&cahracterEncoding=utf-8&serverTimezone=GMT%2B8, version : 1.2.8, lastPacketReceivedIdleMillis : 189513
2022-01-06 21:24:54.134 [http-nio-80-exec-9] DEBUG com.alibaba.druid.pool.DruidDataSource - skip not validate connection.
2022-01-06 21:24:54.153 [http-nio-80-exec-9] DEBUG org.hibernate.SQL - select attackedms0_.deviceId as id1_0_, attackedms0_.attack_time as attack_t2_0_, attackedms0_.attack_type as attack_t3_0_, attackedms0_.contract as contract4_0_, attackedms0_.description as descript5_0_, attackedms0_.ip_addr as ip_addr6_0_, attackedms0_.is_success as is_succe7_0_, attackedms0_.location as location8_0_, attackedms0_.port as port9_0_ from tb_honeyed attackedms0_ limit ?, ?
2022-01-06 21:24:54.165 [http-nio-80-exec-9] DEBUG org.hibernate.SQL - select count(attackedms0_.deviceId) as col_0_0_ from tb_honeyed attackedms0_
2022-01-06 21:24:54.948 [http-nio-80-exec-3] DEBUG org.hibernate.SQL - select attackedms0_.deviceId as id1_0_, attackedms0_.attack_time as attack_t2_0_, attackedms0_.attack_type as attack_t3_0_, attackedms0_.contract as contract4_0_, attackedms0_.description as descript5_0_, attackedms0_.ip_addr as ip_addr6_0_, attackedms0_.is_success as is_succe7_0_, attackedms0_.location as location8_0_, attackedms0_.port as port9_0_ from tb_honeyed attackedms0_ limit ?, ?
2022-01-06 21:24:54.958 [http-nio-80-exec-3] DEBUG org.hibernate.SQL - select count(attackedms0_.deviceId) as col_0_0_ from tb_honeyed attackedms0_
2022-01-06 21:24:55.602 [http-nio-80-exec-8] DEBUG org.hibernate.SQL - select attackedms0_.deviceId as id1_0_, attackedms0_.attack_time as attack_t2_0_, attackedms0_.attack_type as attack_t3_0_, attackedms0_.contract as contract4_0_, attackedms0_.description as descript5_0_, attackedms0_.ip_addr as ip_addr6_0_, attackedms0_.is_success as is_succe7_0_, attackedms0_.location as location8_0_, attackedms0_.port as port9_0_ from tb_honeyed attackedms0_ limit ?, ?
2022-01-06 21:24:55.615 [http-nio-80-exec-8] DEBUG org.hibernate.SQL - select count(attackedms0_.deviceId) as col_0_0_ from tb_honeyed attackedms0_
2022-01-06 21:24:56.058 [http-nio-80-exec-4] DEBUG org.hibernate.SQL - select attackedms0_.deviceId as id1_0_, attackedms0_.attack_time as attack_t2_0_, attackedms0_.attack_type as attack_t3_0_, attackedms0_.contract as contract4_0_, attackedms0_.description as descript5_0_, attackedms0_.ip_addr as ip_addr6_0_, attackedms0_.is_success as is_succe7_0_, attackedms0_.location as location8_0_, attackedms0_.port as port9_0_ from tb_honeyed attackedms0_ limit ?, ?
2022-01-06 21:24:58.034 [http-nio-80-exec-5] DEBUG org.hibernate.SQL - select attackedms0_.deviceId as id1_0_, attackedms0_.attack_time as attack_t2_0_, attackedms0_.attack_type as attack_t3_0_, attackedms0_.contract as contract4_0_, attackedms0_.description as descript5_0_, attackedms0_.ip_addr as ip_addr6_0_, attackedms0_.is_success as is_succe7_0_, attackedms0_.location as location8_0_, attackedms0_.port as port9_0_ from tb_honeyed attackedms0_ limit ?, ?
2022-01-06 21:24:58.038 [http-nio-80-exec-5] DEBUG org.hibernate.SQL - select count(attackedms0_.deviceId) as col_0_0_ from tb_honeyed attackedms0_
2022-01-06 21:24:58.919 [http-nio-80-exec-10] DEBUG org.hibernate.SQL - select attackedms0_.deviceId as id1_0_, attackedms0_.attack_time as attack_t2_0_, attackedms0_.attack_type as attack_t3_0_, attackedms0_.contract as contract4_0_, attackedms0_.description as descript5_0_, attackedms0_.ip_addr as ip_addr6_0_, attackedms0_.is_success as is_succe7_0_, attackedms0_.location as location8_0_, attackedms0_.port as port9_0_ from tb_honeyed attackedms0_ limit ?, ?
2022-01-06 21:24:58.924 [http-nio-80-exec-10] DEBUG org.hibernate.SQL - select count(attackedms0_.deviceId) as col_0_0_ from tb_honeyed attackedms0_
2022-01-06 21:24:59.384 [http-nio-80-exec-6] DEBUG org.hibernate.SQL - select attackedms0_.deviceId as id1_0_, attackedms0_.attack_time as attack_t2_0_, attackedms0_.attack_type as attack_t3_0_, attackedms0_.contract as contract4_0_, attackedms0_.description as descript5_0_, attackedms0_.ip_addr as ip_addr6_0_, attackedms0_.is_success as is_succe7_0_, attackedms0_.location as location8_0_, attackedms0_.port as port9_0_ from tb_honeyed attackedms0_ limit ?, ?
2022-01-06 21:24:59.388 [http-nio-80-exec-6] DEBUG org.hibernate.SQL - select count(attackedms0_.deviceId) as col_0_0_ from tb_honeyed attackedms0_
2022-01-06 21:24:59.816 [http-nio-80-exec-7] DEBUG org.hibernate.SQL - select attackedms0_.deviceId as id1_0_, attackedms0_.attack_time as attack_t2_0_, attackedms0_.attack_type as attack_t3_0_, attackedms0_.contract as contract4_0_, attackedms0_.description as descript5_0_, attackedms0_.ip_addr as ip_addr6_0_, attackedms0_.is_success as is_succe7_0_, attackedms0_.location as location8_0_, attackedms0_.port as port9_0_ from tb_honeyed attackedms0_ limit ?
2022-01-06 21:24:59.821 [http-nio-80-exec-7] DEBUG org.hibernate.SQL - select count(attackedms0_.deviceId) as col_0_0_ from tb_honeyed attackedms0_
2022-01-06 21:25:02.449 [http-nio-80-exec-2] DEBUG org.hibernate.SQL - select attackedms0_.deviceId as id1_0_, attackedms0_.attack_time as attack_t2_0_, attackedms0_.attack_type as attack_t3_0_, attackedms0_.contract as contract4_0_, attackedms0_.description as descript5_0_, attackedms0_.ip_addr as ip_addr6_0_, attackedms0_.is_success as is_succe7_0_, attackedms0_.location as location8_0_, attackedms0_.port as port9_0_ from tb_honeyed attackedms0_ limit ?, ?
2022-01-06 21:25:02.454 [http-nio-80-exec-2] DEBUG org.hibernate.SQL - select count(attackedms0_.deviceId) as col_0_0_ from tb_honeyed attackedms0_
2022-01-06 21:25:03.366 [http-nio-80-exec-1] DEBUG org.hibernate.SQL - select attackedms0_.deviceId as id1_0_, attackedms0_.attack_time as attack_t2_0_, attackedms0_.attack_type as attack_t3_0_, attackedms0_.contract as contract4_0_, attackedms0_.description as descript5_0_, attackedms0_.ip_addr as ip_addr6_0_, attackedms0_.is_success as is_succe7_0_, attackedms0_.location as location8_0_, attackedms0_.port as port9_0_ from tb_honeyed attackedms0_ limit ?, ?
2022-01-06 21:25:03.370 [http-nio-80-exec-1] DEBUG org.hibernate.SQL - select count(attackedms0_.deviceId) as col_0_0_ from tb_honeyed attackedms0_
2022-01-06 21:25:13.494 [http-nio-80-exec-9] DEBUG org.hibernate.SQL - select attackedms0_.deviceId as id1_0_, attackedms0_.attack_time as attack_t2_0_, attackedms0_.attack_type as attack_t3_0_, attackedms0_.contract as contract4_0_, attackedms0_.description as descript5_0_, attackedms0_.ip_addr as ip_addr6_0_, attackedms0_.is_success as is_succe7_0_, attackedms0_.location as location8_0_, attackedms0_.port as port9_0_ from tb_honeyed attackedms0_ limit ?, ?
2022-01-06 21:25:13.503 [http-nio-80-exec-9] DEBUG org.hibernate.SQL - select count(attackedms0_.deviceId) as col_0_0_ from tb_honeyed attackedms0_
2022-01-06 21:25:13.887 [http-nio-80-exec-3] DEBUG org.hibernate.SQL - select attackedms0_.deviceId as id1_0_, attackedms0_.attack_time as attack_t2_0_, attackedms0_.attack_type as attack_t3_0_, attackedms0_.contract as contract4_0_, attackedms0_.description as descript5_0_, attackedms0_.ip_addr as ip_addr6_0_, attackedms0_.is_success as is_succe7_0_, attackedms0_.location as location8_0_, attackedms0_.port as port9_0_ from tb_honeyed attackedms0_ limit ?, ?
2022-01-06 21:25:15.515 [http-nio-80-exec-8] DEBUG org.hibernate.SQL - select attackedms0_.deviceId as id1_0_, attackedms0_.attack_time as attack_t2_0_, attackedms0_.attack_type as attack_t3_0_, attackedms0_.contract as contract4_0_, attackedms0_.description as descript5_0_, attackedms0_.ip_addr as ip_addr6_0_, attackedms0_.is_success as is_succe7_0_, attackedms0_.location as location8_0_, attackedms0_.port as port9_0_ from tb_honeyed attackedms0_ limit ?, ?
2022-01-06 21:25:15.519 [http-nio-80-exec-8] DEBUG org.hibernate.SQL - select count(attackedms0_.deviceId) as col_0_0_ from tb_honeyed attackedms0_
2022-01-06 21:25:16.584 [http-nio-80-exec-4] DEBUG org.hibernate.SQL - select attackedms0_.deviceId as id1_0_, attackedms0_.attack_time as attack_t2_0_, attackedms0_.attack_type as attack_t3_0_, attackedms0_.contract as contract4_0_, attackedms0_.description as descript5_0_, attackedms0_.ip_addr as ip_addr6_0_, attackedms0_.is_success as is_succe7_0_, attackedms0_.location as location8_0_, attackedms0_.port as port9_0_ from tb_honeyed attackedms0_ limit ?, ?
2022-01-06 21:25:16.588 [http-nio-80-exec-4] DEBUG org.hibernate.SQL - select count(attackedms0_.deviceId) as col_0_0_ from tb_honeyed attackedms0_
2022-01-06 21:25:16.964 [http-nio-80-exec-5] DEBUG org.hibernate.SQL - select attackedms0_.deviceId as id1_0_, attackedms0_.attack_time as attack_t2_0_, attackedms0_.attack_type as attack_t3_0_, attackedms0_.contract as contract4_0_, attackedms0_.description as descript5_0_, attackedms0_.ip_addr as ip_addr6_0_, attackedms0_.is_success as is_succe7_0_, attackedms0_.location as location8_0_, attackedms0_.port as port9_0_ from tb_honeyed attackedms0_ limit ?, ?
2022-01-06 21:25:16.969 [http-nio-80-exec-5] DEBUG org.hibernate.SQL - select count(attackedms0_.deviceId) as col_0_0_ from tb_honeyed attackedms0_
2022-01-06 21:25:17.431 [http-nio-80-exec-10] DEBUG org.hibernate.SQL - select attackedms0_.deviceId as id1_0_, attackedms0_.attack_time as attack_t2_0_, attackedms0_.attack_type as attack_t3_0_, attackedms0_.contract as contract4_0_, attackedms0_.description as descript5_0_, attackedms0_.ip_addr as ip_addr6_0_, attackedms0_.is_success as is_succe7_0_, attackedms0_.location as location8_0_, attackedms0_.port as port9_0_ from tb_honeyed attackedms0_ limit ?
2022-01-06 21:25:17.439 [http-nio-80-exec-10] DEBUG org.hibernate.SQL - select count(attackedms0_.deviceId) as col_0_0_ from tb_honeyed attackedms0_
2022-01-06 21:25:21.318 [http-nio-80-exec-1] DEBUG org.hibernate.SQL - select attackedms0_.deviceId as id1_0_, attackedms0_.attack_time as attack_t2_0_, attackedms0_.attack_type as attack_t3_0_, attackedms0_.contract as contract4_0_, attackedms0_.description as descript5_0_, attackedms0_.ip_addr as ip_addr6_0_, attackedms0_.is_success as is_succe7_0_, attackedms0_.location as location8_0_, attackedms0_.port as port9_0_ from tb_honeyed attackedms0_ limit ?
2022-01-06 21:25:21.320 [http-nio-80-exec-1] DEBUG org.hibernate.SQL - select count(attackedms0_.deviceId) as col_0_0_ from tb_honeyed attackedms0_
2022-01-06 21:25:21.842 [http-nio-80-exec-7] DEBUG org.hibernate.SQL - select attackedms0_.deviceId as id1_0_, attackedms0_.attack_time as attack_t2_0_, attackedms0_.attack_type as attack_t3_0_, attackedms0_.contract as contract4_0_, attackedms0_.description as descript5_0_, attackedms0_.ip_addr as ip_addr6_0_, attackedms0_.is_success as is_succe7_0_, attackedms0_.location as location8_0_, attackedms0_.port as port9_0_ from tb_honeyed attackedms0_ limit ?
2022-01-06 21:25:21.846 [http-nio-80-exec-7] DEBUG org.hibernate.SQL - select count(attackedms0_.deviceId) as col_0_0_ from tb_honeyed attackedms0_
2022-01-06 21:25:25.389 [http-nio-80-exec-5] DEBUG org.hibernate.SQL - select attackedms0_.deviceId as id1_0_, attackedms0_.attack_time as attack_t2_0_, attackedms0_.attack_type as attack_t3_0_, attackedms0_.contract as contract4_0_, attackedms0_.description as descript5_0_, attackedms0_.ip_addr as ip_addr6_0_, attackedms0_.is_success as is_succe7_0_, attackedms0_.location as location8_0_, attackedms0_.port as port9_0_ from tb_honeyed attackedms0_ limit ?
2022-01-06 21:25:25.395 [http-nio-80-exec-5] DEBUG org.hibernate.SQL - select count(attackedms0_.deviceId) as col_0_0_ from tb_honeyed attackedms0_
2022-01-06 21:25:26.116 [http-nio-80-exec-9] DEBUG org.hibernate.SQL - select attackedms0_.deviceId as id1_0_, attackedms0_.attack_time as attack_t2_0_, attackedms0_.attack_type as attack_t3_0_, attackedms0_.contract as contract4_0_, attackedms0_.description as descript5_0_, attackedms0_.ip_addr as ip_addr6_0_, attackedms0_.is_success as is_succe7_0_, attackedms0_.location as location8_0_, attackedms0_.port as port9_0_ from tb_honeyed attackedms0_ limit ?
2022-01-06 21:25:26.122 [http-nio-80-exec-9] DEBUG org.hibernate.SQL - select count(attackedms0_.deviceId) as col_0_0_ from tb_honeyed attackedms0_
2022-01-06 21:25:27.517 [http-nio-80-exec-9] DEBUG org.hibernate.SQL - select attackedms0_.deviceId as id1_0_, attackedms0_.attack_time as attack_t2_0_, attackedms0_.attack_type as attack_t3_0_, attackedms0_.contract as contract4_0_, attackedms0_.description as descript5_0_, attackedms0_.ip_addr as ip_addr6_0_, attackedms0_.is_success as is_succe7_0_, attackedms0_.location as location8_0_, attackedms0_.port as port9_0_ from tb_honeyed attackedms0_ limit ?
2022-01-06 21:25:27.525 [http-nio-80-exec-9] DEBUG org.hibernate.SQL - select count(attackedms0_.deviceId) as col_0_0_ from tb_honeyed attackedms0_
2022-01-06 21:25:30.833 [http-nio-80-exec-9] DEBUG org.hibernate.SQL - select attackedms0_.deviceId as id1_0_, attackedms0_.attack_time as attack_t2_0_, attackedms0_.attack_type as attack_t3_0_, attackedms0_.contract as contract4_0_, attackedms0_.description as descript5_0_, attackedms0_.ip_addr as ip_addr6_0_, attackedms0_.is_success as is_succe7_0_, attackedms0_.location as location8_0_, attackedms0_.port as port9_0_ from tb_honeyed attackedms0_ limit ?
2022-01-06 21:25:30.842 [http-nio-80-exec-9] DEBUG org.hibernate.SQL - select count(attackedms0_.deviceId) as col_0_0_ from tb_honeyed attackedms0_
2022-01-06 21:25:31.721 [http-nio-80-exec-5] DEBUG org.hibernate.SQL - select attackedms0_.deviceId as id1_0_, attackedms0_.attack_time as attack_t2_0_, attackedms0_.attack_type as attack_t3_0_, attackedms0_.contract as contract4_0_, attackedms0_.description as descript5_0_, attackedms0_.ip_addr as ip_addr6_0_, attackedms0_.is_success as is_succe7_0_, attackedms0_.location as location8_0_, attackedms0_.port as port9_0_ from tb_honeyed attackedms0_ limit ?
2022-01-06 21:25:31.737 [http-nio-80-exec-5] DEBUG org.hibernate.SQL - select count(attackedms0_.deviceId) as col_0_0_ from tb_honeyed attackedms0_
2022-01-06 21:28:06.781 [http-nio-80-exec-2] WARN  com.alibaba.druid.pool.DruidAbstractDataSource - discard long time none received connection. , jdbcUrl : jdbc:mysql://localhost:3306/data?useSSL=false&useUnicode=true&cahracterEncoding=utf-8&serverTimezone=GMT%2B8, version : 1.2.8, lastPacketReceivedIdleMillis : 155038
2022-01-06 21:28:06.781 [http-nio-80-exec-2] DEBUG com.alibaba.druid.pool.DruidDataSource - skip not validate connection.
2022-01-06 21:28:06.799 [http-nio-80-exec-2] DEBUG org.hibernate.SQL - select attackedms0_.deviceId as id1_0_, attackedms0_.attack_time as attack_t2_0_, attackedms0_.attack_type as attack_t3_0_, attackedms0_.contract as contract4_0_, attackedms0_.description as descript5_0_, attackedms0_.ip_addr as ip_addr6_0_, attackedms0_.is_success as is_succe7_0_, attackedms0_.location as location8_0_, attackedms0_.port as port9_0_ from tb_honeyed attackedms0_ limit ?
2022-01-06 21:28:06.806 [http-nio-80-exec-2] DEBUG org.hibernate.SQL - select count(attackedms0_.deviceId) as col_0_0_ from tb_honeyed attackedms0_
2022-01-06 21:28:11.376 [http-nio-80-exec-3] DEBUG org.hibernate.SQL - select attackedms0_.deviceId as id1_0_, attackedms0_.attack_time as attack_t2_0_, attackedms0_.attack_type as attack_t3_0_, attackedms0_.contract as contract4_0_, attackedms0_.description as descript5_0_, attackedms0_.ip_addr as ip_addr6_0_, attackedms0_.is_success as is_succe7_0_, attackedms0_.location as location8_0_, attackedms0_.port as port9_0_ from tb_honeyed attackedms0_ limit ?
2022-01-06 21:28:11.387 [http-nio-80-exec-3] DEBUG org.hibernate.SQL - select count(attackedms0_.deviceId) as col_0_0_ from tb_honeyed attackedms0_
2022-01-06 21:28:12.708 [http-nio-80-exec-9] DEBUG org.hibernate.SQL - select attackedms0_.deviceId as id1_0_, attackedms0_.attack_time as attack_t2_0_, attackedms0_.attack_type as attack_t3_0_, attackedms0_.contract as contract4_0_, attackedms0_.description as descript5_0_, attackedms0_.ip_addr as ip_addr6_0_, attackedms0_.is_success as is_succe7_0_, attackedms0_.location as location8_0_, attackedms0_.port as port9_0_ from tb_honeyed attackedms0_ limit ?
2022-01-06 21:28:12.713 [http-nio-80-exec-9] DEBUG org.hibernate.SQL - select count(attackedms0_.deviceId) as col_0_0_ from tb_honeyed attackedms0_
2022-01-06 21:48:05.544 [http-nio-80-exec-9] WARN  com.alibaba.druid.pool.DruidAbstractDataSource - discard long time none received connection. , jdbcUrl : jdbc:mysql://localhost:3306/data?useSSL=false&useUnicode=true&cahracterEncoding=utf-8&serverTimezone=GMT%2B8, version : 1.2.8, lastPacketReceivedIdleMillis : 1192829
2022-01-06 21:48:05.545 [http-nio-80-exec-9] DEBUG com.alibaba.druid.pool.DruidDataSource - skip not validate connection.
2022-01-06 21:48:05.560 [http-nio-80-exec-9] DEBUG org.hibernate.SQL - select attackedms0_.deviceId as id1_0_, attackedms0_.attack_time as attack_t2_0_, attackedms0_.attack_type as attack_t3_0_, attackedms0_.contract as contract4_0_, attackedms0_.description as descript5_0_, attackedms0_.ip_addr as ip_addr6_0_, attackedms0_.is_success as is_succe7_0_, attackedms0_.location as location8_0_, attackedms0_.port as port9_0_ from tb_honeyed attackedms0_ limit ?
2022-01-06 21:48:05.566 [http-nio-80-exec-9] DEBUG org.hibernate.SQL - select count(attackedms0_.deviceId) as col_0_0_ from tb_honeyed attackedms0_
2022-01-06 21:48:05.828 [http-nio-80-exec-5] DEBUG org.hibernate.SQL - select attackedms0_.deviceId as id1_0_, attackedms0_.attack_time as attack_t2_0_, attackedms0_.attack_type as attack_t3_0_, attackedms0_.contract as contract4_0_, attackedms0_.description as descript5_0_, attackedms0_.ip_addr as ip_addr6_0_, attackedms0_.is_success as is_succe7_0_, attackedms0_.location as location8_0_, attackedms0_.port as port9_0_ from tb_honeyed attackedms0_ limit ?
2022-01-06 21:48:05.836 [http-nio-80-exec-5] DEBUG org.hibernate.SQL - select count(attackedms0_.deviceId) as col_0_0_ from tb_honeyed attackedms0_
2022-01-06 21:48:12.955 [http-nio-80-exec-5] DEBUG org.hibernate.SQL - select attackedms0_.deviceId as id1_0_, attackedms0_.attack_time as attack_t2_0_, attackedms0_.attack_type as attack_t3_0_, attackedms0_.contract as contract4_0_, attackedms0_.description as descript5_0_, attackedms0_.ip_addr as ip_addr6_0_, attackedms0_.is_success as is_succe7_0_, attackedms0_.location as location8_0_, attackedms0_.port as port9_0_ from tb_honeyed attackedms0_ limit ?
2022-01-06 21:48:12.960 [http-nio-80-exec-5] DEBUG org.hibernate.SQL - select count(attackedms0_.deviceId) as col_0_0_ from tb_honeyed attackedms0_
2022-01-06 21:48:13.452 [http-nio-80-exec-2] DEBUG org.hibernate.SQL - select attackedms0_.deviceId as id1_0_, attackedms0_.attack_time as attack_t2_0_, attackedms0_.attack_type as attack_t3_0_, attackedms0_.contract as contract4_0_, attackedms0_.description as descript5_0_, attackedms0_.ip_addr as ip_addr6_0_, attackedms0_.is_success as is_succe7_0_, attackedms0_.location as location8_0_, attackedms0_.port as port9_0_ from tb_honeyed attackedms0_ limit ?
2022-01-06 21:48:13.455 [http-nio-80-exec-2] DEBUG org.hibernate.SQL - select count(attackedms0_.deviceId) as col_0_0_ from tb_honeyed attackedms0_
2022-01-06 21:49:56.941 [http-nio-80-exec-7] WARN  com.alibaba.druid.pool.DruidAbstractDataSource - discard long time none received connection. , jdbcUrl : jdbc:mysql://localhost:3306/data?useSSL=false&useUnicode=true&cahracterEncoding=utf-8&serverTimezone=GMT%2B8, version : 1.2.8, lastPacketReceivedIdleMillis : 103483
2022-01-06 21:49:56.941 [http-nio-80-exec-7] DEBUG com.alibaba.druid.pool.DruidDataSource - skip not validate connection.
2022-01-06 21:49:56.950 [http-nio-80-exec-7] DEBUG org.hibernate.SQL - select attackedms0_.deviceId as id1_0_, attackedms0_.attack_time as attack_t2_0_, attackedms0_.attack_type as attack_t3_0_, attackedms0_.contract as contract4_0_, attackedms0_.description as descript5_0_, attackedms0_.ip_addr as ip_addr6_0_, attackedms0_.is_success as is_succe7_0_, attackedms0_.location as location8_0_, attackedms0_.port as port9_0_ from tb_honeyed attackedms0_ limit ?
2022-01-06 21:49:56.952 [http-nio-80-exec-7] DEBUG org.hibernate.SQL - select count(attackedms0_.deviceId) as col_0_0_ from tb_honeyed attackedms0_
2022-01-06 23:13:18.975 [Thread-24] INFO  com.alibaba.druid.pool.DruidDataSource - {dataSource-1} closing ...
2022-01-06 23:13:18.985 [Thread-24] INFO  com.alibaba.druid.pool.DruidDataSource - {dataSource-1} closed
